{
  "stats": {
    "suites": 1,
    "tests": 1,
    "passes": 1,
    "pending": 0,
    "failures": 0,
    "start": "2025-07-11T16:49:00.254Z",
    "end": "2025-07-11T16:53:21.853Z",
    "duration": 261599,
    "testsRegistered": 1,
    "passPercent": 100,
    "pendingPercent": 0,
    "other": 0,
    "hasOther": false,
    "skipped": 0,
    "hasSkipped": false
  },
  "results": [
    {
      "uuid": "b015c6d5-2e8d-4257-84cc-cc08419a299b",
      "title": "",
      "fullFile": "cypress\\integration\\aviva\\Tests\\002AgentRenewalPIFtoPIFNoEmail.cy.js",
      "file": "cypress\\integration\\aviva\\Tests\\002AgentRenewalPIFtoPIFNoEmail.cy.js",
      "beforeHooks": [],
      "afterHooks": [],
      "tests": [],
      "suites": [
        {
          "uuid": "694671c0-2871-435e-a4a7-cc32beb98ed1",
          "title": "Agent can Renew a policy",
          "fullFile": "",
          "file": "",
          "beforeHooks": [],
          "afterHooks": [],
          "tests": [
            {
              "title": "should complete the process of renewing a policy",
              "fullTitle": "Agent can Renew a policy should complete the process of renewing a policy",
              "timedOut": null,
              "duration": 259460,
              "state": "passed",
              "speed": "slow",
              "pass": true,
              "fail": false,
              "pending": false,
              "context": null,
              "code": "Server.Server();\n// Log in\nLogins.company();\nLogins.username();\nLogins.password();\nLogins.loginButton();\n// Revert new window that opens back to original window \nBOAction.agentQuote();\nBOAction.createNewQuoteBTN();\n// Accept cookies\nBOAction.cookiesAccept();\n// Complete section 1 \"About you\"\nAboutYouPage.aboutYouTitle();\nBOAction.notes();\nAboutYouPage.proposerTitle();\nAboutYouPage.proposerForename();\nAboutYouPage.proposerSurname();\nAboutYouPage.proposerNoEmail();\nAboutYouPage.phone();\nAboutYouPage.aboutYouContinue();\n// Complete section 2 \"Personal details\"\nPersonalDetailsPage.personalDetailsTitle();\nPersonalDetailsPage.addressInput();\nPersonalDetailsPage.addressSuggest();\nPersonalDetailsPage.addressSelect();\nPersonalDetailsPage.addressConfirm();\nPersonalDetailsPage.proposerDOB();\nPersonalDetailsPage.proposerEmployStatus();\nPersonalDetailsPage.licenceType();\nPersonalDetailsPage.licenceYears();\nPersonalDetailsPage.personlaDetailsContinue();\n// Complete section 3 \"Insurance details\"\nInsuranceDetailsPage.insuranceDetailsTitle();\nBOAction.notes();\nInsuranceDetailsPage.drivingExp();\nInsuranceDetailsPage.drivingExpYears();\nInsuranceDetailsPage.carUse();\nInsuranceDetailsPage.insuranceDetailsContinue();\n// Complete section 4 \"Car details\"\nCarDetailsPage.carDetailsTitle();\nBOAction.notes();\nCarDetailsPage.carRegYes();\nCarDetailsPage.carRegInput();\nCarDetailsPage.findCarBTN();\nCarDetailsPage.confirmCarBTN();\nCarDetailsPage.carValueInput();\nCarDetailsPage.carModifiedFalse();\nCarDetailsPage.carDetailsContinue();\n// Complete section 5 \"Additional drivers\"\nAdditionalDriversPage.additionalDriversHeading();\nBOAction.notes();\nAdditionalDriversPage.additionalDriversFalse();\nAdditionalDriversPage.additionalDriversContinue();\n// Complete section 6 \"Your claims\"\nYourClaimsPage.claimsHeading();\nBOAction.notes();\nYourClaimsPage.claimsFalse1st();\nYourClaimsPage.claimsContinue();\n// Complete section 7 \"Penalty points\"\nPenaltyPointsPage.ppHeading();\nBOAction.notes();\nPenaltyPointsPage.ppFalse1st();\nPenaltyPointsPage.ppContinue();\n// Complete section 8 \"Cover start date\"\nCoverStartDatePage.coverStartHeading();\nBOAction.notes();\nCoverStartDatePage.coverStartDate();\nCoverStartDatePage.coverStartHaveHomeIns();\nCoverStartDatePage.coverStartHaveCarIns();\nCoverStartDatePage.coverStartMarketing();\nCoverStartDatePage.coverStartContinue();\n// Quote screen - Buy now \nQuotePageAndExtras.quotePageHeading();\nBOAction.notes();\nQuotePageAndExtras.buyNowBtn();\n// Complete post quote 1 \"About you car\"\nAboutYourCarPage.postQuote1Heading();\nBOAction.notes();\nAboutYourCarPage.postQuote1OwnCar();\nAboutYourCarPage.postQuote1PrivateIns();\nAboutYourCarPage.postQuote1Continue();\n// Complete post quote 2 \"About the drivers\"\nAboutTheDriversPage.postQuote2Heading();\nBOAction.notes();\nAboutTheDriversPage.postQuote2IsResidentTrue();\nAboutTheDriversPage.postQuote2IsMainDriverTrue();\nAboutTheDriversPage.postQuote2IsNotOtherCarTrue();\nAboutTheDriversPage.postQuote2IsNotOtherInsTrue();\nAboutTheDriversPage.postQuote2IsNoConvictionTrue();\nAboutTheDriversPage.postQuote2IsNoDisqualificationTrue();\nAboutTheDriversPage.postQuote2IsNoRefusalTrue();\nAboutTheDriversPage.postQuote2IsNoIncreaseTrue();\nAboutTheDriversPage.postQuote2IsNoMedicalTrue();\nAboutTheDriversPage.postQuote2DriverNumber();\nAboutTheDriversPage.postQuote2Continue();\n// Complete post quote 3 \"Your insurance history and inception details\"\nYourInsHistoryAndIncepDetsPage.postQuote3Heading();\nBOAction.notes();\nYourInsHistoryAndIncepDetsPage.postQuote3NCDROITrue();\nYourInsHistoryAndIncepDetsPage.postQuote3NoOtherNCDTrue();\nYourInsHistoryAndIncepDetsPage.postQuote3WithinExpiryTrue();\nYourInsHistoryAndIncepDetsPage.postQuote3Continue();\n// Payment type screen - selecting \"No payment required\"\nBOAction.notes();\nPaymentTypesPage.paymentTypeAgentNoPay();\nPaymentTypesPage.paymentTypeAgentNoPayContinue();\n// Diary & correspondence page \nDiaryAndCorrespondencePage.diaryCorrespondenceHeading();\nBOAction.notes();\nDiaryAndCorrespondencePage.diaryCorrespondenceContinue();\n// Thank you page\nThankYouPage.thankyouHeading();\nBOAction.notes();\nThankYouPage.retreivePolicyNumber();\n// Back dating policy \nServer.Server();\nBOAction.home();\nBOAction.noEmailPolicySearch();\nBOAction.policySelectButton();\nBOAction.unlockBTN();\n//BOAction.livePoliciesBTN()\nBOAction.policyToolsAgePolicyWithPolicyNumber();\nBOAction.agePolicyPlus2();\n// Generating and Printing renewal\nServer.Server();\nBOAction.home();\nBOAction.noEmailPolicySearch();\nBOAction.searchButton();\nBOAction.policySelectButton();\nBOAction.generateRenewal();\nBOAction.inviteRenewal();\n// Checking for renewal invite email in docs\nBOAction.recallPolicy();\nBOAction.livePoliciesBTN();\nBOAction.selectActionDocumentsWithPolicyNumber();\nBOAction.checkRenewalInviteDocsNoEmail();\ncy.go(-2);\n// Purchase renewal quote\nBOAction.livePoliciesBTN();\nBOAction.selectActionRenewalWithPolicyNumber();\nQuotePageAndExtras.selectStaffDiscount();\nQuotePageAndExtras.buyNowBtn();\nAboutYourCarPage.postQuote1OwnCar();\nAboutYourCarPage.postQuote1PrivateIns();\nAboutYourCarPage.postQuote1Continue();\nAboutTheDriversPage.postQuote2Continue();\nYourInsHistoryAndIncepDetsPage.postQuote3Continue();\nPaymentTypesPage.paymentTypeAgentNoPay();\nPaymentTypesPage.paymentTypeAgentCheque();\nThankYouPage.thankyouHeading();\n// Navigate back to B/O and check renewal docs have generated\nServer.Server();\nBOAction.home();\nBOAction.noEmailPolicySearch();\nBOAction.searchButton();\nBOAction.policySelectButton();\n//BOAction.livePoliciesBTN()\nBOAction.selectActionDocumentsWithPolicyNumber();\nBOAction.checkRenewalDocsNoEmail();",
              "err": {},
              "uuid": "9c47ff39-e3e7-442b-8b92-9a4daea4b29a",
              "parentUUID": "694671c0-2871-435e-a4a7-cc32beb98ed1",
              "isHook": false,
              "skipped": false
            }
          ],
          "suites": [],
          "passes": [
            "9c47ff39-e3e7-442b-8b92-9a4daea4b29a"
          ],
          "failures": [],
          "pending": [],
          "skipped": [],
          "duration": 259460,
          "root": false,
          "rootEmpty": false,
          "_timeout": 2000
        }
      ],
      "passes": [],
      "failures": [],
      "pending": [],
      "skipped": [],
      "duration": 0,
      "root": true,
      "rootEmpty": true,
      "_timeout": 2000
    }
  ],
  "meta": {
    "mocha": {
      "version": "7.2.0"
    },
    "mochawesome": {
      "options": {
        "quiet": false,
        "reportFilename": "Aviva Automation results",
        "saveHtml": false,
        "saveJson": true,
        "consoleReporter": "spec",
        "useInlineDiffs": false,
        "code": true
      },
      "version": "7.1.3"
    },
    "marge": {
      "options": {
        "charts": true,
        "useInlineDiffs": true,
        "embeddedScreenshots": true,
        "videoOnFailOnly": true,
        "reportFilename": "Aviva Automation results",
        "overwrite": false,
        "html": false,
        "json": true,
        "reportDir": "cypress\\reports\\html\\.jsons"
      },
      "version": "6.2.0"
    }
  }
}