{
  "stats": {
    "suites": 1,
    "tests": 1,
    "passes": 1,
    "pending": 0,
    "failures": 0,
    "start": "2025-05-15T12:30:00.140Z",
    "end": "2025-05-15T12:31:43.913Z",
    "duration": 103773,
    "testsRegistered": 1,
    "passPercent": 100,
    "pendingPercent": 0,
    "other": 0,
    "hasOther": false,
    "skipped": 0,
    "hasSkipped": false
  },
  "results": [
    {
      "uuid": "ccc840fb-ef38-42f7-b25a-21c04d05bbcf",
      "title": "",
      "fullFile": "cypress\\integration\\aviva\\Tests\\001PolicyOwnership.cy.js",
      "file": "cypress\\integration\\aviva\\Tests\\001PolicyOwnership.cy.js",
      "beforeHooks": [],
      "afterHooks": [],
      "tests": [],
      "suites": [
        {
          "uuid": "f2e52a03-2559-461a-b21e-4c0d78252ab7",
          "title": "Change policy ownership",
          "fullFile": "",
          "file": "",
          "beforeHooks": [],
          "afterHooks": [],
          "tests": [
            {
              "title": "should complete the process of changing policy ownership",
              "fullTitle": "Change policy ownership should complete the process of changing policy ownership",
              "timedOut": null,
              "duration": 102062,
              "state": "passed",
              "speed": "slow",
              "pass": true,
              "fail": false,
              "pending": false,
              "context": null,
              "code": "Server.Server();\n// Log in\nLogins.company();\nLogins.username();\nLogins.password();\nLogins.loginButton();\n// Search for Customer file\nLogins.email();\nBOAction.searchButton();\nBOAction.policySelectButton();\n// Check if dropdown exists and handle accordingly\ncy.contains('Live Policies').click();\n//cy.wait(3000);\ncy.get('body').then($body => {\n  if ($body.find('[class^=\"dropdown selectAction\"]').length === 0) {\n    cy.log('No Policy found, ending test.');\n    return; // End the test without failing\n  } else {\n    const length = $body.find('[class^=\"dropdown selectAction\"]').length;\n    cy.log(`${length} Policy(s) found, proceeding with Ownership Change.`);\n    RecursiveLoop(length);\n  }\n});\nfunction ChangePolicyOwnerShip() {\n  // Select last policy and Policy Ownership\n  BOAction.livePoliciesBTN();\n  cy.get('[class^=\"dropdown selectAction\"]').last().click({\n    force: true\n  }).contains('Policy Ownership').invoke(\"removeAttr\", \"target\").click({\n    force: true\n  });\n  // Change ownership\n  cy.get('#ctl00_ContentPlaceHolder1_NewEmailAddress').type('automatedtestingApr2025@DOTSYS.co.uk');\n  cy.get('#ctl00_ContentPlaceHolder1_ChangeOwnership').click();\n  cy.get('#ctl00_ContentPlaceHolder1_SuccessMessage').contains('The policy has now been re-registered');\n  cy.go('back');\n  cy.go('back');\n}\nfunction RecursiveLoop(n) {\n  cy.get('[class^=\"dropdown selectAction\"]').each(($value, index) => {\n    if (index < n) {\n      ChangePolicyOwnerShip();\n      // Additional asynchronous actions can be added here if needed\n      cy.log(`Iteration ${index + 1} completed`);\n    }\n  });\n}",
              "err": {},
              "uuid": "5a2460de-9d43-4603-89f3-2e2497d5b3ff",
              "parentUUID": "f2e52a03-2559-461a-b21e-4c0d78252ab7",
              "isHook": false,
              "skipped": false
            }
          ],
          "suites": [],
          "passes": [
            "5a2460de-9d43-4603-89f3-2e2497d5b3ff"
          ],
          "failures": [],
          "pending": [],
          "skipped": [],
          "duration": 102062,
          "root": false,
          "rootEmpty": false,
          "_timeout": 2000
        }
      ],
      "passes": [],
      "failures": [],
      "pending": [],
      "skipped": [],
      "duration": 0,
      "root": true,
      "rootEmpty": true,
      "_timeout": 2000
    }
  ],
  "meta": {
    "mocha": {
      "version": "7.0.1"
    },
    "mochawesome": {
      "options": {
        "quiet": false,
        "reportFilename": "Aviva Automation results",
        "saveHtml": false,
        "saveJson": true,
        "consoleReporter": "spec",
        "useInlineDiffs": false,
        "code": true
      },
      "version": "7.1.3"
    },
    "marge": {
      "options": {
        "charts": true,
        "useInlineDiffs": true,
        "embeddedScreenshots": true,
        "videoOnFailOnly": true,
        "reportFilename": "Aviva Automation results",
        "overwrite": false,
        "html": false,
        "json": true,
        "reportDir": "cypress\\reports\\html\\.jsons"
      },
      "version": "6.2.0"
    }
  }
}