{
  "stats": {
    "suites": 1,
    "tests": 1,
    "passes": 0,
    "pending": 0,
    "failures": 1,
    "start": "2025-07-11T17:38:33.800Z",
    "end": "2025-07-11T17:39:51.988Z",
    "duration": 78188,
    "testsRegistered": 1,
    "passPercent": 0,
    "pendingPercent": 0,
    "other": 0,
    "hasOther": false,
    "skipped": 0,
    "hasSkipped": false
  },
  "results": [
    {
      "uuid": "2086e2d5-32a8-4c36-9283-103a085bdc48",
      "title": "",
      "fullFile": "cypress\\integration\\aviva\\Tests\\035ParagonQueueCheck.cy.js",
      "file": "cypress\\integration\\aviva\\Tests\\035ParagonQueueCheck.cy.js",
      "beforeHooks": [],
      "afterHooks": [],
      "tests": [],
      "suites": [
        {
          "uuid": "8b8901ab-1fb1-434f-841a-5d78dc20b285",
          "title": "Check Paragon Queue for correct documents",
          "fullFile": "",
          "file": "",
          "beforeHooks": [],
          "afterHooks": [],
          "tests": [
            {
              "title": "should verify the correct documents in the Paragon Queue",
              "fullTitle": "Check Paragon Queue for correct documents should verify the correct documents in the Paragon Queue",
              "timedOut": null,
              "duration": 38204,
              "state": "failed",
              "speed": null,
              "pass": false,
              "fail": true,
              "pending": false,
              "context": "{\n  \"title\": \"cypress-mochawesome-reporter-screenshots\",\n  \"value\": [\n    [\n      \"\\\\035ParagonQueueCheck.cy.js\\\\Check Paragon Queue for correct documents -- should verify the correct documents in the Paragon Queue (failed).png\"\n    ],\n    [\n      \"\\\\035ParagonQueueCheck.cy.js\\\\Check Paragon Queue for correct documents -- should verify the correct documents in the Paragon Queue (failed) (attempt 2).png\"\n    ]\n  ]\n}",
              "code": "Server.Server();\n// Log in\nLogins.company();\nLogins.username();\nLogins.password();\nLogins.loginButton();\n// Search for Customer file first policy\nLogins.email();\nBOAction.searchButton();\nBOAction.policySelectButton();\nBOAction.livePoliciesBTN();\n// Select Documents and revert window back to current window\nBOAction.selectActionDocumentsWithParagonPolicyNumber1();\n// NYY 0\ncy.getAndWait('#ctl00_ContentPlaceHolder1_btnViewPrinterQueue').click();\n//cy.getAndWait('tbody > :nth-child(3) > :nth-child(3)').contains('Welcome Letter Temp Cover')\ncy.getAndWait('tbody > :nth-child(3) > :nth-child(3)').contains('Certificate');\ncy.getAndWait('tbody > :nth-child(3) > :nth-child(3)').contains('Schedule');\ncy.getAndWait('tbody > :nth-child(3) > :nth-child(3)').contains('Statement Of Fact');\ncy.getAndWait('tbody > :nth-child(3) > :nth-child(3)').contains('Welcome Letter');\ncy.getAndWait(':nth-child(1) > .level1').click();\n// Search for Customer file for second policy\ncy.go(-3);\nBOAction.livePoliciesBTN();\nBOAction.selectActionDocumentsWithParagonPolicyNumber2();\n// NNY 1\ncy.getAndWait('#ctl00_ContentPlaceHolder1_btnViewPrinterQueue').click();\n//cy.getAndWait('tbody > :nth-child(3) > :nth-child(3)').contains('Welcome Letter Temp Cover')\ncy.getAndWait('tbody > :nth-child(3) > :nth-child(3)').contains('Welcome Letter');\ncy.getAndWait('tbody > :nth-child(3) > :nth-child(3)').contains('Schedule');\ncy.getAndWait(':nth-child(1) > .level1').click();\n// Search for Customer file for third policy\ncy.go(-3);\nBOAction.livePoliciesBTN();\nBOAction.selectActionDocumentsWithParagonPolicyNumber3();\n// NYN 2\ncy.getAndWait('#ctl00_ContentPlaceHolder1_btnViewPrinterQueue').click();\ncy.getAndWait('tbody > :nth-child(3) > :nth-child(3)').contains('Certificate');\ncy.getAndWait('tbody > :nth-child(3) > :nth-child(3)').contains('Welcome Letter');\ncy.go(-3);\nBOAction.livePoliciesBTN();\nBOAction.selectActionDocumentsWithTempPackPolicyNumber();\n// NYN 2\ncy.getAndWait('tbody > :nth-child(3) > :nth-child(4)').contains('Welcome Letter Temp Cover');\ncy.getAndWait('tbody > :nth-child(3) > :nth-child(4)').contains('Welcome Email Temp Cover');\ncy.getAndWait('tbody > :nth-child(3) > :nth-child(4)').contains('Policy Schedule');\ncy.getAndWait('tbody > :nth-child(3) > :nth-child(4)').contains('Statement Of Fact');\ncy.getAndWait('tbody > :nth-child(3) > :nth-child(4)').contains('Certificate');\ncy.getAndWait('tbody > :nth-child(3) > :nth-child(4)').contains('Driving Experience Email');\ncy.getAndWait('tbody > :nth-child(3) > :nth-child(4)').contains('Quote Email');\ncy.getAndWait('#ctl00_ContentPlaceHolder1_btnViewPrinterQueue').click();\ncy.getAndWait('tbody > :nth-child(3) > :nth-child(3)').contains('Welcome Letter Temp Cover');\ncy.getAndWait('tbody > :nth-child(3) > :nth-child(3)').contains('Statement Of Fact');\ncy.getAndWait('tbody > :nth-child(3) > :nth-child(3)').contains('Receipt');\ncy.getAndWait('tbody > :nth-child(3) > :nth-child(3)').contains('Schedule');",
              "err": {
                "message": "Error: Element ':nth-child(2) > .card-header > .panel-title > .accordion-toggle > .btn' not found after 20 seconds",
                "estack": "Error: Element ':nth-child(2) > .card-header > .panel-title > .accordion-toggle > .btn' not found after 20 seconds\n    at Context.eval (webpack://avivaproject/./cypress/support/commands.js:70:22)\n    at getRet (https://qaaviva.dotsys.co.uk/__cypress/runner/cypress_runner.js:120949:20)\n    at tryCatcher (https://qaaviva.dotsys.co.uk/__cypress/runner/cypress_runner.js:1777:23)\n    at Promise.attempt.Promise.try (https://qaaviva.dotsys.co.uk/__cypress/runner/cypress_runner.js:4285:29)\n    at Context.thenFn (https://qaaviva.dotsys.co.uk/__cypress/runner/cypress_runner.js:120960:66)\n    at Context.then (https://qaaviva.dotsys.co.uk/__cypress/runner/cypress_runner.js:121211:21)\n    at wrapped (https://qaaviva.dotsys.co.uk/__cypress/runner/cypress_runner.js:141532:19)\n    at <unknown> (https://qaaviva.dotsys.co.uk/__cypress/runner/cypress_runner.js:147477:15)\n    at tryCatcher (https://qaaviva.dotsys.co.uk/__cypress/runner/cypress_runner.js:1777:23)",
                "diff": null
              },
              "uuid": "71419394-d86d-44b1-9632-cddb51d6258c",
              "parentUUID": "8b8901ab-1fb1-434f-841a-5d78dc20b285",
              "isHook": false,
              "skipped": false
            }
          ],
          "suites": [],
          "passes": [],
          "failures": [
            "71419394-d86d-44b1-9632-cddb51d6258c"
          ],
          "pending": [],
          "skipped": [],
          "duration": 38204,
          "root": false,
          "rootEmpty": false,
          "_timeout": 2000
        }
      ],
      "passes": [],
      "failures": [],
      "pending": [],
      "skipped": [],
      "duration": 0,
      "root": true,
      "rootEmpty": true,
      "_timeout": 2000
    }
  ],
  "meta": {
    "mocha": {
      "version": "7.2.0"
    },
    "mochawesome": {
      "options": {
        "quiet": false,
        "reportFilename": "Aviva Automation results",
        "saveHtml": false,
        "saveJson": true,
        "consoleReporter": "spec",
        "useInlineDiffs": false,
        "code": true
      },
      "version": "7.1.3"
    },
    "marge": {
      "options": {
        "charts": true,
        "useInlineDiffs": true,
        "embeddedScreenshots": true,
        "videoOnFailOnly": true,
        "reportFilename": "Aviva Automation results",
        "overwrite": false,
        "html": false,
        "json": true,
        "reportDir": "cypress\\reports\\html\\.jsons"
      },
      "version": "6.2.0"
    }
  }
}