{
  "stats": {
    "suites": 1,
    "tests": 1,
    "passes": 1,
    "pending": 0,
    "failures": 0,
    "start": "2025-07-11T12:13:02.849Z",
    "end": "2025-07-11T12:15:15.048Z",
    "duration": 132199,
    "testsRegistered": 1,
    "passPercent": 100,
    "pendingPercent": 0,
    "other": 0,
    "hasOther": false,
    "skipped": 0,
    "hasSkipped": false
  },
  "results": [
    {
      "uuid": "e41ef59e-4d5a-4ae5-971f-d8cbab2cbee5",
      "title": "",
      "fullFile": "cypress\\integration\\aviva\\Tests\\034AmendRenewalNCD.cy.js",
      "file": "cypress\\integration\\aviva\\Tests\\034AmendRenewalNCD.cy.js",
      "beforeHooks": [],
      "afterHooks": [],
      "tests": [],
      "suites": [
        {
          "uuid": "b70ecc9a-2865-42d4-85ca-8e602a56976f",
          "title": "Agent can Amend renewal NCD",
          "fullFile": "",
          "file": "",
          "beforeHooks": [],
          "afterHooks": [],
          "tests": [
            {
              "title": "should complete the process of amending renewal NCD",
              "fullTitle": "Agent can Amend renewal NCD should complete the process of amending renewal NCD",
              "timedOut": null,
              "duration": 129894,
              "state": "passed",
              "speed": "slow",
              "pass": true,
              "fail": false,
              "pending": false,
              "context": null,
              "code": "Server.Server();\n// Log in\nLogins.company();\nLogins.username();\nLogins.password();\nLogins.loginButton();\n// Revert new window that opens back to original window \nBOAction.agentQuote();\nBOAction.createNewQuoteBTN();\n// Accept cookies\nBOAction.cookiesAccept();\n// Complete section 1 \"About you\"\nAboutYouPage.aboutYouTitle();\nBOAction.notes();\nAboutYouPage.proposerTitle();\nAboutYouPage.proposerForename();\nAboutYouPage.proposerSurname();\nAboutYouPage.proposerEmail();\nAboutYouPage.phone();\nAboutYouPage.aboutYouContinue();\n// Complete section 2 \"Personal details\"\nPersonalDetailsPage.personalDetailsTitle();\nPersonalDetailsPage.addressInput();\nPersonalDetailsPage.addressSuggest();\nPersonalDetailsPage.addressSelect();\nPersonalDetailsPage.addressConfirm();\nPersonalDetailsPage.proposerDOB();\nPersonalDetailsPage.proposerEmployStatus();\nPersonalDetailsPage.licenceType();\nPersonalDetailsPage.licenceYears();\nPersonalDetailsPage.personlaDetailsContinue();\n// Complete section 3 \"Insurance details\"\nInsuranceDetailsPage.insuranceDetailsTitle();\nBOAction.notes();\nInsuranceDetailsPage.drivingExp();\nInsuranceDetailsPage.drivingExpYears();\nInsuranceDetailsPage.carUse();\nInsuranceDetailsPage.insuranceDetailsContinue();\n// Complete section 4 \"Car details\"\nCarDetailsPage.carDetailsTitle();\nBOAction.notes();\nCarDetailsPage.carRegYes();\nCarDetailsPage.carRegInput();\nCarDetailsPage.findCarBTN();\nCarDetailsPage.confirmCarBTN();\nCarDetailsPage.carValueInput();\nCarDetailsPage.carModifiedFalse();\nCarDetailsPage.carDetailsContinue();\n// Complete section 5 \"Additional drivers\"\nAdditionalDriversPage.additionalDriversHeading();\nBOAction.notes();\nAdditionalDriversPage.additionalDriversFalse();\nAdditionalDriversPage.additionalDriversContinue();\n// Complete section 6 \"Your claims\"\nYourClaimsPage.claimsHeading();\nBOAction.notes();\nYourClaimsPage.claimsFalse1st();\nYourClaimsPage.claimsContinue();\n// Complete section 7 \"Penalty points\"\nPenaltyPointsPage.ppHeading();\nBOAction.notes();\nPenaltyPointsPage.ppFalse1st();\nPenaltyPointsPage.ppContinue();\n// Complete section 8 \"Cover start date\"\nCoverStartDatePage.coverStartHeading();\nBOAction.notes();\nCoverStartDatePage.coverStartDate();\nCoverStartDatePage.coverStartHaveHomeIns();\nCoverStartDatePage.coverStartHaveCarIns();\nCoverStartDatePage.coverStartMarketing();\nCoverStartDatePage.coverStartContinue();\n// Quote screen - Buy now \nQuotePageAndExtras.quotePageHeading();\nBOAction.notes();\nQuotePageAndExtras.buyNowBtn();\n// Complete post quote 1 \"About you car\"\nAboutYourCarPage.postQuote1Heading();\nBOAction.notes();\nAboutYourCarPage.postQuote1OwnCar();\nAboutYourCarPage.postQuote1PrivateIns();\nAboutYourCarPage.postQuote1Continue();\n// Complete post quote 2 \"About the drivers\"\nAboutTheDriversPage.postQuote2Heading();\nBOAction.notes();\nAboutTheDriversPage.postQuote2IsResidentTrue();\nAboutTheDriversPage.postQuote2IsMainDriverTrue();\nAboutTheDriversPage.postQuote2IsNotOtherCarTrue();\nAboutTheDriversPage.postQuote2IsNotOtherInsTrue();\nAboutTheDriversPage.postQuote2IsNoConvictionTrue();\nAboutTheDriversPage.postQuote2IsNoDisqualificationTrue();\nAboutTheDriversPage.postQuote2IsNoRefusalTrue();\nAboutTheDriversPage.postQuote2IsNoIncreaseTrue();\nAboutTheDriversPage.postQuote2IsNoMedicalTrue();\nAboutTheDriversPage.postQuote2DriverNumber();\nAboutTheDriversPage.postQuote2Continue();\n// Complete post quote 3 \"Your insurance history and inception details\"\nYourInsHistoryAndIncepDetsPage.postQuote3Heading();\nBOAction.notes();\nYourInsHistoryAndIncepDetsPage.postQuote3NCDROITrue();\nYourInsHistoryAndIncepDetsPage.postQuote3NoOtherNCDTrue();\nYourInsHistoryAndIncepDetsPage.postQuote3WithinExpiryTrue();\nYourInsHistoryAndIncepDetsPage.postQuote3IsMyAvivaTrue();\nYourInsHistoryAndIncepDetsPage.postQuote3Continue();\n// Payment type screen - selecting \"No payment required\"\nBOAction.notes();\nPaymentTypesPage.paymentTypeAgentNoPay();\ncy.getAndWait('#ctl00_MainContent_NoPay').click({\n  force: true\n});\n// Diary & correspondence page \ncy.getAndWait('.a-heading--1').contains('Internal Diary and Correspondence');\nBOAction.notes();\ncy.getAndWait('#ctl00_MainContent_Summary').click({\n  force: true\n});\n// Thank you page\nThankYouPage.thankyouHeading();\nBOAction.notes();\nThankYouPage.retreivePolicyNumber();\n// Back dating policy \nServer.Server();\nBOAction.home();\nLogins.email();\nBOAction.searchButton();\nBOAction.policySelectButton();\nBOAction.unlockBTN();\nBOAction.livePoliciesBTN();\nBOAction.policyToolsAgePolicyWithPolicyNumber();\nBOAction.agePolicyPlus2();\n// Generating and Printing renewal\nServer.Server();\nBOAction.home();\nLogins.email();\nBOAction.searchButton();\nBOAction.policySelectButton();\nBOAction.generateRenewal();\nBOAction.inviteRenewal();\n// Checking for renewal invite email in docs\nBOAction.recallPolicy();\nBOAction.livePoliciesBTN();\nBOAction.selectActionDocumentsWithPolicyNumber();\nBOAction.checkRenewalInviteDocs();\ncy.go(-1);\n// Amend the renewal NCD\nBOAction.livePoliciesBTN();\nBOAction.selectActionAmendRNLNCDWithPolicyNumber();\ncy.getAndWait('#ctl00_ContentPlaceHolder1_Edit').click();\ncy.getAndWait('#ctl00_ContentPlaceHolder1_ddlNCDYears').select(5);\ncy.getAndWait('#ctl00_ContentPlaceHolder1_ddlNCDPercent').select(5);\ncy.getAndWait('#ctl00_ContentPlaceHolder1_ShowContinuePopup').click();\ncy.getAndWait('#ctl00_ContentPlaceHolder1_Save').click();\ncy.go('back');",
              "err": {},
              "uuid": "5d507032-525a-4496-9db4-00028044592d",
              "parentUUID": "b70ecc9a-2865-42d4-85ca-8e602a56976f",
              "isHook": false,
              "skipped": false
            }
          ],
          "suites": [],
          "passes": [
            "5d507032-525a-4496-9db4-00028044592d"
          ],
          "failures": [],
          "pending": [],
          "skipped": [],
          "duration": 129894,
          "root": false,
          "rootEmpty": false,
          "_timeout": 2000
        }
      ],
      "passes": [],
      "failures": [],
      "pending": [],
      "skipped": [],
      "duration": 0,
      "root": true,
      "rootEmpty": true,
      "_timeout": 2000
    }
  ],
  "meta": {
    "mocha": {
      "version": "7.2.0"
    },
    "mochawesome": {
      "options": {
        "quiet": false,
        "reportFilename": "Aviva Automation results",
        "saveHtml": false,
        "saveJson": true,
        "consoleReporter": "spec",
        "useInlineDiffs": false,
        "code": true
      },
      "version": "7.1.3"
    },
    "marge": {
      "options": {
        "charts": true,
        "useInlineDiffs": true,
        "embeddedScreenshots": true,
        "videoOnFailOnly": true,
        "reportFilename": "Aviva Automation results",
        "overwrite": false,
        "html": false,
        "json": true,
        "reportDir": "cypress\\reports\\html\\.jsons"
      },
      "version": "6.2.0"
    }
  }
}