{
  "stats": {
    "suites": 1,
    "tests": 1,
    "passes": 1,
    "pending": 0,
    "failures": 0,
    "start": "2025-04-18T17:39:39.082Z",
    "end": "2025-04-18T17:39:51.200Z",
    "duration": 12118,
    "testsRegistered": 1,
    "passPercent": 100,
    "pendingPercent": 0,
    "other": 0,
    "hasOther": false,
    "skipped": 0,
    "hasSkipped": false
  },
  "results": [
    {
      "uuid": "6ed42064-fbbb-421c-ab45-adadcfa4a065",
      "title": "",
      "fullFile": "cypress\\integration\\aviva\\Tests\\AgentDocUpload.cy.js",
      "file": "cypress\\integration\\aviva\\Tests\\AgentDocUpload.cy.js",
      "beforeHooks": [],
      "afterHooks": [],
      "tests": [],
      "suites": [
        {
          "uuid": "ca43de7c-024c-48a7-bff5-ff6778e35a1f",
          "title": "Agent can upload document",
          "fullFile": "",
          "file": "",
          "beforeHooks": [],
          "afterHooks": [],
          "tests": [
            {
              "title": "should complete the process of uploading a document",
              "fullTitle": "Agent can upload document should complete the process of uploading a document",
              "timedOut": null,
              "duration": 10772,
              "state": "passed",
              "speed": "slow",
              "pass": true,
              "fail": false,
              "pending": false,
              "context": null,
              "code": "Server.Server();\n// Log in\nLogins.company();\nLogins.username();\nLogins.password();\nLogins.loginButton();\n// Search for Customer file\nLogins.email();\nBOAction.searchButton();\nBOAction.policySelectButton();\n// Select policy and Documents \nBOAction.livePoliciesBTN();\nBOAction.selectActionDocumentsWithPolicyNumber();\n// Upload selected file \ncy.getAndWait('#Upload').click();\ncy.getAndWait('#ctl00_ContentPlaceHolder1_DocumentTypeList').select(\"49\");\ncy.getAndWait('#ctl00_ContentPlaceHolder1_ReferenceNumber').type('123');\ncy.getAndWait('#ctl00_ContentPlaceHolder1_FileUpload').selectFile(\"C:/Aviva/AvivaCypress/cypress/support/Example.jpg\", {\n  force: true\n});\ncy.getAndWait('#ctl00_ContentPlaceHolder1_btnUpload').click();\ncy.getAndWait('[id^=\"ctl00_ContentPlaceHolder1_gvScannedDocuments_ctl\"]').last().should('have.text', 'View');",
              "err": {},
              "uuid": "4269413d-8de3-4e02-8c20-0431e79b0ea9",
              "parentUUID": "ca43de7c-024c-48a7-bff5-ff6778e35a1f",
              "isHook": false,
              "skipped": false
            }
          ],
          "suites": [],
          "passes": [
            "4269413d-8de3-4e02-8c20-0431e79b0ea9"
          ],
          "failures": [],
          "pending": [],
          "skipped": [],
          "duration": 10772,
          "root": false,
          "rootEmpty": false,
          "_timeout": 2000
        }
      ],
      "passes": [],
      "failures": [],
      "pending": [],
      "skipped": [],
      "duration": 0,
      "root": true,
      "rootEmpty": true,
      "_timeout": 2000
    }
  ],
  "meta": {
    "mocha": {
      "version": "7.0.1"
    },
    "mochawesome": {
      "options": {
        "quiet": false,
        "reportFilename": "Aviva Automation results",
        "saveHtml": false,
        "saveJson": true,
        "consoleReporter": "spec",
        "useInlineDiffs": false,
        "code": true
      },
      "version": "7.1.3"
    },
    "marge": {
      "options": {
        "charts": true,
        "useInlineDiffs": true,
        "embeddedScreenshots": true,
        "videoOnFailOnly": true,
        "reportFilename": "Aviva Automation results",
        "overwrite": false,
        "html": false,
        "json": true,
        "reportDir": "cypress\\reports\\html\\.jsons"
      },
      "version": "6.2.0"
    }
  }
}