{
  "stats": {
    "suites": 1,
    "tests": 1,
    "passes": 1,
    "pending": 0,
    "failures": 0,
    "start": "2025-05-15T13:21:42.646Z",
    "end": "2025-05-15T13:23:16.742Z",
    "duration": 94096,
    "testsRegistered": 1,
    "passPercent": 100,
    "pendingPercent": 0,
    "other": 0,
    "hasOther": false,
    "skipped": 0,
    "hasSkipped": false
  },
  "results": [
    {
      "uuid": "ff7bede7-ef9d-44a8-b3ba-5713b9497543",
      "title": "",
      "fullFile": "cypress\\integration\\aviva\\Tests\\008ParagonQueueNYN.cy.js",
      "file": "cypress\\integration\\aviva\\Tests\\008ParagonQueueNYN.cy.js",
      "beforeHooks": [],
      "afterHooks": [],
      "tests": [],
      "suites": [
        {
          "uuid": "7fc7df73-5349-4fbb-a0cd-4b2a8b62716c",
          "title": "Policy Purchase with NYN",
          "fullFile": "",
          "file": "",
          "beforeHooks": [],
          "afterHooks": [],
          "tests": [
            {
              "title": "should complete the process of purchasing a policy with NYN preferences",
              "fullTitle": "Policy Purchase with NYN should complete the process of purchasing a policy with NYN preferences",
              "timedOut": null,
              "duration": 92220,
              "state": "passed",
              "speed": "slow",
              "pass": true,
              "fail": false,
              "pending": false,
              "context": null,
              "code": "Server.Server();\n// Log in\nLogins.company();\nLogins.username();\nLogins.password();\nLogins.loginButton();\n// Revert new window that opens back to original window \ncy.getAndWait('#ctl00_ContentPlaceHolder1_ProductList').select(1);\ncy.window().then(win => {\n  const orig = win.open;\n  win.open = function (url, targetAndWait, features) {\n    return orig.call(this, url, '_self', features);\n  };\n});\nBOAction.createNewQuoteBTN();\n// Accept cookies\nBOAction.cookiesAccept();\n// Complete section 1 \"About you\"\nAboutYouPage.aboutYouTitle();\nBOAction.notes();\nAboutYouPage.proposerTitle();\nAboutYouPage.proposerForename();\nAboutYouPage.proposerSurname();\nAboutYouPage.proposerEmail();\nAboutYouPage.phone();\nAboutYouPage.aboutYouContinue();\n// Complete section 2 \"Personal details\"\nPersonalDetailsPage.personalDetailsTitle();\nPersonalDetailsPage.addressInput();\nPersonalDetailsPage.addressSuggest();\nPersonalDetailsPage.addressSelect();\nPersonalDetailsPage.addressConfirm();\nPersonalDetailsPage.proposerDOB();\nPersonalDetailsPage.proposerEmployStatus();\nPersonalDetailsPage.licenceType();\nPersonalDetailsPage.licenceYears();\nPersonalDetailsPage.personlaDetailsContinue();\n// Complete section 3 \"Insurance details\"\nInsuranceDetailsPage.insuranceDetailsTitle();\nBOAction.notes();\nInsuranceDetailsPage.drivingExp();\nInsuranceDetailsPage.drivingExpYears();\nInsuranceDetailsPage.carUse();\nInsuranceDetailsPage.insuranceDetailsContinue();\n// Complete section 4 \"Car details\"\nCarDetailsPage.carDetailsTitle();\nBOAction.notes();\nCarDetailsPage.carRegYes();\nCarDetailsPage.carRegInput();\nCarDetailsPage.findCarBTN();\nCarDetailsPage.confirmCarBTN();\nCarDetailsPage.carValueInput();\nCarDetailsPage.carModifiedFalse();\nCarDetailsPage.carDetailsContinue();\n// Complete section 5 \"Additional drivers\"\nAdditionalDriversPage.additionalDriversHeading();\nBOAction.notes();\nAdditionalDriversPage.additionalDriversFalse();\nAdditionalDriversPage.additionalDriversContinue();\n// Complete section 6 \"Your claims\"\nBOAction.notes();\nYourClaimsPage.claimsHeading();\nYourClaimsPage.claimsFalse1st();\nYourClaimsPage.claimsContinue();\n// Complete section 7 \"Penalty points\"\nPenaltyPointsPage.ppHeading();\nBOAction.notes();\nPenaltyPointsPage.ppFalse1st();\nPenaltyPointsPage.ppContinue();\n// Complete section 8 \"Cover start date\"\nCoverStartDatePage.coverStartHeading();\nBOAction.notes();\nCoverStartDatePage.coverStartDate();\nCoverStartDatePage.coverStartHaveHomeIns();\nCoverStartDatePage.coverStartHaveCarIns();\nCoverStartDatePage.coverStartMarketing();\nCoverStartDatePage.coverStartContinue();\n// Quote screen - Buy now \nQuotePageAndExtras.quotePageHeading();\nBOAction.notes();\nQuotePageAndExtras.buyNowBtn();\n// Complete post quote 1 \"About you car\"\nAboutYourCarPage.postQuote1Heading();\nBOAction.notes();\nAboutYourCarPage.postQuote1OwnCar();\nAboutYourCarPage.postQuote1PrivateIns();\nAboutYourCarPage.postQuote1Continue();\n// Complete post quote 2 \"About the drivers\"\nAboutTheDriversPage.postQuote2Heading();\nBOAction.notes();\nAboutTheDriversPage.postQuote2IsResidentTrue();\nAboutTheDriversPage.postQuote2IsMainDriverTrue();\nAboutTheDriversPage.postQuote2IsNotOtherCarTrue();\nAboutTheDriversPage.postQuote2IsNotOtherInsTrue();\nAboutTheDriversPage.postQuote2IsNoConvictionTrue();\nAboutTheDriversPage.postQuote2IsNoDisqualificationTrue();\nAboutTheDriversPage.postQuote2IsNoRefusalTrue();\nAboutTheDriversPage.postQuote2IsNoIncreaseTrue();\nAboutTheDriversPage.postQuote2IsNoMedicalTrue();\nAboutTheDriversPage.postQuote2DriverNumber();\nAboutTheDriversPage.postQuote2Continue();\n// Complete post quote 3 \"Your insurance history and inception details\"\nYourInsHistoryAndIncepDetsPage.postQuote3Heading();\nBOAction.notes();\nYourInsHistoryAndIncepDetsPage.postQuote3NCDROITrue();\nYourInsHistoryAndIncepDetsPage.postQuote3NoOtherNCDTrue();\nYourInsHistoryAndIncepDetsPage.postQuote3WithinExpiryTrue();\nYourInsHistoryAndIncepDetsPage.postQuote3IsMyAvivaFalse();\nYourInsHistoryAndIncepDetsPage.postQuote3PostCert();\nYourInsHistoryAndIncepDetsPage.postQuote3PostDocsFalse();\nYourInsHistoryAndIncepDetsPage.postQuote3Continue();\n// Payment type screen - selecting \"No payment required\"\nBOAction.notes();\nPaymentTypesPage.paymentTypeAgentNoPay();\nPaymentTypesPage.paymentTypeAgentNoPayContinue();\n// Diary & correspondence page \nDiaryAndCorrespondencePage.diaryCorrespondenceHeading();\nBOAction.notes();\nDiaryAndCorrespondencePage.diaryCorrespondenceContinue();\n// Thank you page\nThankYouPage.thankyouHeading();\nBOAction.notes();\nThankYouPage.retreiveParagonPolicyNumber3();\n// Check B/O preferences match Y/N/N\nServer.Server();\nBOAction.home();\nLogins.email();\nBOAction.searchButton();\nBOAction.policySelectButton();\n// Select policy and Documents \nBOAction.livePoliciesBTN();\nBOAction.selectActionDocumentsWithParagonPolicyNumber3();\ncy.getAndWait('#ctl00_ContentPlaceHolder1_btnCorrespondence').click();\ncy.getAndWait('#ctl00_ContentPlaceHolder1_rblDocsByPortal_1').should('have.value', 'False');\ncy.getAndWait('#ctl00_ContentPlaceHolder1_rblCertByPost_0').should('have.value', 'True');\ncy.getAndWait('#ctl00_ContentPlaceHolder1_rblDocsByPost_1').should('have.value', 'False');\ncy.getAndWait('#CorrespondenceModal > .modal-dialog > .modal-content > .modal-footer > .btn').click();\n//cy.wait(80000)\ncy.getAndWait('#ctl00_ContentPlaceHolder1_btnViewPrinterQueue').click();\ncy.getAndWait('tbody > :nth-child(3) > :nth-child(3)').contains('No Documents In Queue');\n// Completing Diary chaser to move policy to full cover and check for cert being added to print queue\ncy.getAndWait(':nth-child(1) > .level1').click();\nLogins.email();\nBOAction.searchButton();\nBOAction.policySelectButton();\n// Select policy and Documents \nBOAction.livePoliciesBTN();\nBOAction.selectActionDiaryWithParagonPolicyNumber3();\ncy.getAndWait(':nth-child(7) > .btn > span').click();\ncy.getAndWait('#ctl00_ContentPlaceHolder1_DocumentGrid_ctl02_IsReceived').click();\ncy.getAndWait(':nth-child(2) > :nth-child(6)').should('not.have.text', '');",
              "err": {},
              "uuid": "15e2f657-2c1c-48c2-a718-ce5a68b45012",
              "parentUUID": "7fc7df73-5349-4fbb-a0cd-4b2a8b62716c",
              "isHook": false,
              "skipped": false
            }
          ],
          "suites": [],
          "passes": [
            "15e2f657-2c1c-48c2-a718-ce5a68b45012"
          ],
          "failures": [],
          "pending": [],
          "skipped": [],
          "duration": 92220,
          "root": false,
          "rootEmpty": false,
          "_timeout": 2000
        }
      ],
      "passes": [],
      "failures": [],
      "pending": [],
      "skipped": [],
      "duration": 0,
      "root": true,
      "rootEmpty": true,
      "_timeout": 2000
    }
  ],
  "meta": {
    "mocha": {
      "version": "7.0.1"
    },
    "mochawesome": {
      "options": {
        "quiet": false,
        "reportFilename": "Aviva Automation results",
        "saveHtml": false,
        "saveJson": true,
        "consoleReporter": "spec",
        "useInlineDiffs": false,
        "code": true
      },
      "version": "7.1.3"
    },
    "marge": {
      "options": {
        "charts": true,
        "useInlineDiffs": true,
        "embeddedScreenshots": true,
        "videoOnFailOnly": true,
        "reportFilename": "Aviva Automation results",
        "overwrite": false,
        "html": false,
        "json": true,
        "reportDir": "cypress\\reports\\html\\.jsons"
      },
      "version": "6.2.0"
    }
  }
}