{
  "stats": {
    "suites": 1,
    "tests": 1,
    "passes": 1,
    "pending": 0,
    "failures": 0,
    "start": "2025-07-11T17:13:59.190Z",
    "end": "2025-07-11T17:14:10.536Z",
    "duration": 11346,
    "testsRegistered": 1,
    "passPercent": 100,
    "pendingPercent": 0,
    "other": 0,
    "hasOther": false,
    "skipped": 0,
    "hasSkipped": false
  },
  "results": [
    {
      "uuid": "904c2405-1bba-4024-8665-5557a86d4e34",
      "title": "",
      "fullFile": "cypress\\integration\\aviva\\Tests\\021NTUCanc.cy.js",
      "file": "cypress\\integration\\aviva\\Tests\\021NTUCanc.cy.js",
      "beforeHooks": [],
      "afterHooks": [],
      "tests": [],
      "suites": [
        {
          "uuid": "916ae040-771d-4079-a263-f500fb256ee2",
          "title": "Agent can NTU a cancellation",
          "fullFile": "",
          "file": "",
          "beforeHooks": [],
          "afterHooks": [],
          "tests": [
            {
              "title": "should complete the process of NTU a cancellation",
              "fullTitle": "Agent can NTU a cancellation should complete the process of NTU a cancellation",
              "timedOut": null,
              "duration": 9492,
              "state": "passed",
              "speed": "medium",
              "pass": true,
              "fail": false,
              "pending": false,
              "context": null,
              "code": "Server.Server();\n// Log in to back office\nLogins.company();\nLogins.username();\nLogins.password();\nLogins.loginButton();\n// Search for customer\nLogins.email();\nBOAction.searchButton();\nBOAction.policySelectButton();\n// Open customer file Live policies\nBOAction.livePoliciesBTN();\nBOAction.ntuWithPolicyNumber();\n// Click to NTU last cancellation and keep in same window \nBOAction.cookiesAccept();\ncy.get('#ctl00_MainContent_NTUButton').click();\ncy.get('#ctl00_MainContent_ConfirmationRow').contains(\"The Adjustment has been NTU'd\");",
              "err": {},
              "uuid": "8cc1a9d2-6d83-42b7-81c6-f72ca52ecc97",
              "parentUUID": "916ae040-771d-4079-a263-f500fb256ee2",
              "isHook": false,
              "skipped": false
            }
          ],
          "suites": [],
          "passes": [
            "8cc1a9d2-6d83-42b7-81c6-f72ca52ecc97"
          ],
          "failures": [],
          "pending": [],
          "skipped": [],
          "duration": 9492,
          "root": false,
          "rootEmpty": false,
          "_timeout": 2000
        }
      ],
      "passes": [],
      "failures": [],
      "pending": [],
      "skipped": [],
      "duration": 0,
      "root": true,
      "rootEmpty": true,
      "_timeout": 2000
    }
  ],
  "meta": {
    "mocha": {
      "version": "7.2.0"
    },
    "mochawesome": {
      "options": {
        "quiet": false,
        "reportFilename": "Aviva Automation results",
        "saveHtml": false,
        "saveJson": true,
        "consoleReporter": "spec",
        "useInlineDiffs": false,
        "code": true
      },
      "version": "7.1.3"
    },
    "marge": {
      "options": {
        "charts": true,
        "useInlineDiffs": true,
        "embeddedScreenshots": true,
        "videoOnFailOnly": true,
        "reportFilename": "Aviva Automation results",
        "overwrite": false,
        "html": false,
        "json": true,
        "reportDir": "cypress\\reports\\html\\.jsons"
      },
      "version": "6.2.0"
    }
  }
}