{
  "stats": {
    "suites": 1,
    "tests": 1,
    "passes": 0,
    "pending": 0,
    "failures": 1,
    "start": "2025-05-15T07:55:51.258Z",
    "end": "2025-05-15T07:56:21.141Z",
    "duration": 29883,
    "testsRegistered": 1,
    "passPercent": 0,
    "pendingPercent": 0,
    "other": 0,
    "hasOther": false,
    "skipped": 0,
    "hasSkipped": false
  },
  "results": [
    {
      "uuid": "676f736d-2da5-4c62-9343-13e77ed058f2",
      "title": "",
      "fullFile": "cypress\\integration\\aviva\\Tests\\029CustMTAPurch.cy.js",
      "file": "cypress\\integration\\aviva\\Tests\\029CustMTAPurch.cy.js",
      "beforeHooks": [],
      "afterHooks": [],
      "tests": [],
      "suites": [
        {
          "uuid": "784b06bc-a326-4e8b-8683-1d731b85d5cf",
          "title": "Customer can purchase an MTA",
          "fullFile": "",
          "file": "",
          "beforeHooks": [],
          "afterHooks": [],
          "tests": [
            {
              "title": "should complete the process of purchasing an MTA",
              "fullTitle": "Customer can purchase an MTA should complete the process of purchasing an MTA",
              "timedOut": null,
              "duration": 13941,
              "state": "failed",
              "speed": null,
              "pass": false,
              "fail": true,
              "pending": false,
              "context": "{\n  \"title\": \"cypress-mochawesome-reporter-screenshots\",\n  \"value\": [\n    [\n      \"\\\\029CustMTAPurch.cy.js\\\\Customer can purchase an MTA -- should complete the process of purchasing an MTA (failed).png\"\n    ],\n    [\n      \"\\\\029CustMTAPurch.cy.js\\\\Customer can purchase an MTA -- should complete the process of purchasing an MTA (failed) (attempt 2).png\"\n    ]\n  ]\n}",
              "code": "Server.Server1();\nBOAction.cookiesAccept();\ncy.getAndWait('[class^=\"a-heading a-heading--1 u-margin--top-none\"]').contains('Log in to MyAviva').and('be.visible');\nLogins.loginEmail();\nLogins.loginPassword();\nLogins.loginPortalButton();\n// cy.getAndWait('#RenewalDueModal > .CloseBtnMockup').click()\nPortalAction.portalManagePolicyWithPolicyNumber();\ncy.getAndWait('#Main_btnAdjustment').click();\ncy.getAndWait('#ctl00_MainContent_ddlPermaSelection').select(4, {\n  force: true\n});\ncy.window().then(win => {\n  cy.getAndWait('#btnMakePermaChange').click({\n    force: true\n  });\n  const orig = win.open;\n  win.open = function (url, targetAndWait, features) {\n    return orig.call(this, url, '_self', features);\n  };\n});\n// Input AD details\nAdditionalDriversPage.additionalDriversTrue();\nAdditionalDriversPage.additionalDriver1Title();\nAdditionalDriversPage.additionalDriver1Forename();\nAdditionalDriversPage.additionalDriver1Surname();\nAdditionalDriversPage.additionalDriver1DOB();\nAdditionalDriversPage.additionalDriver1EmploymentStatus();\nAdditionalDriversPage.additionalDriver1LicenceType();\nAdditionalDriversPage.additionalDriver1LicenceYears();\nAdditionalDriversPage.addionalDriver1DriverNumber();\nAdditionalDriversPage.additionalDriver1Relationship();\nAdditionalDriversPage.additionalDriver1SpouseOwnVehFalse();\nAdditionalDriversPage.additionalDriver1Save();\nAdditionalDriversPage.additionalDriversFalse();\nAdditionalDriversPage.additionalDriversContinue();\n// Claims screen\nYourClaimsPage.claimsFalseLast();\nYourClaimsPage.claimsContinue();\n// Penalty points screen\nPenaltyPointsPage.ppFalseLast();\nPenaltyPointsPage.ppContinue();\n// Start date\ncy.getAndWait('#div8').contains('Cover start date');\ncy.getAndWait('#ctl00_MainContent_StartDate').type(day().add(2, 'day').format('DD/MM/YYYY'));\ncy.getAndWait('#TermsAndConditions > .a-checkbox > .a-checkbox__label').click();\ncy.getAndWait('#ctl00_MainContent_Continue8').click();\n// Quote screen\nMTABOAction.permMTABuyNow();\n// Complete post quote 2 \"About the drivers\"\nAboutTheDriversPage.postQuote2Heading();\nAboutTheDriversPage.postQuote2IsMainDriverTrue();\nAboutTheDriversPage.postQuote2IsNotOtherCarTrue();\nAboutTheDriversPage.postQuote2IsNotOtherInsTrue();\nAboutTheDriversPage.postQuote2IsNoConvictionTrue();\nAboutTheDriversPage.postQuote2IsNoDisqualificationTrue();\nAboutTheDriversPage.postQuote2IsNoRefusalTrue();\nAboutTheDriversPage.postQuote2IsNoIncreaseTrue();\nAboutTheDriversPage.postQuote2IsNoMedicalTrue();\nAboutTheDriversPage.postQuote2Continue();\n// Post quote screen 3\nCoverStartDatePage.coverStartCustomerQuote();\nYourInsHistoryAndIncepDetsPage.postQuote3Continue();\n// Thank you page\nThankYouPage.thankyouHeading();",
              "err": {
                "message": "AssertionError: Timed out retrying after 10000ms: Expected to find content: '912501049' within the element: <div#Main_NoCancelledPolicies.policypanels> but never did.",
                "estack": "AssertionError: Timed out retrying after 10000ms: Expected to find content: '912501049' within the element: <div#Main_NoCancelledPolicies.policypanels> but never did.\n    at Context.eval (webpack://avivaproject/./cypress/integration/aviva/AvivaPOM/PortalActions.js:43:13)\n    at getRet (https://qa2insurance-aviva.dotsys.co.uk/__cypress/runner/cypress_runner.js:119371:20)\n    at tryCatcher (https://qa2insurance-aviva.dotsys.co.uk/__cypress/runner/cypress_runner.js:1777:23)\n    at Promise.attempt.Promise.try (https://qa2insurance-aviva.dotsys.co.uk/__cypress/runner/cypress_runner.js:4285:29)\n    at Context.thenFn (https://qa2insurance-aviva.dotsys.co.uk/__cypress/runner/cypress_runner.js:119382:66)\n    at Context.then (https://qa2insurance-aviva.dotsys.co.uk/__cypress/runner/cypress_runner.js:119633:21)\n    at wrapped (https://qa2insurance-aviva.dotsys.co.uk/__cypress/runner/cypress_runner.js:139910:19)",
                "diff": null
              },
              "uuid": "da26e5d9-e9c7-4d48-8a4a-9012fc2745b7",
              "parentUUID": "784b06bc-a326-4e8b-8683-1d731b85d5cf",
              "isHook": false,
              "skipped": false
            }
          ],
          "suites": [],
          "passes": [],
          "failures": [
            "da26e5d9-e9c7-4d48-8a4a-9012fc2745b7"
          ],
          "pending": [],
          "skipped": [],
          "duration": 13941,
          "root": false,
          "rootEmpty": false,
          "_timeout": 2000
        }
      ],
      "passes": [],
      "failures": [],
      "pending": [],
      "skipped": [],
      "duration": 0,
      "root": true,
      "rootEmpty": true,
      "_timeout": 2000
    }
  ],
  "meta": {
    "mocha": {
      "version": "7.0.1"
    },
    "mochawesome": {
      "options": {
        "quiet": false,
        "reportFilename": "Aviva Automation results",
        "saveHtml": false,
        "saveJson": true,
        "consoleReporter": "spec",
        "useInlineDiffs": false,
        "code": true
      },
      "version": "7.1.3"
    },
    "marge": {
      "options": {
        "charts": true,
        "useInlineDiffs": true,
        "embeddedScreenshots": true,
        "videoOnFailOnly": true,
        "reportFilename": "Aviva Automation results",
        "overwrite": false,
        "html": false,
        "json": true,
        "reportDir": "cypress\\reports\\html\\.jsons"
      },
      "version": "6.2.0"
    }
  }
}