{
  "stats": {
    "suites": 1,
    "tests": 1,
    "passes": 1,
    "pending": 0,
    "failures": 0,
    "start": "2025-04-18T17:45:43.952Z",
    "end": "2025-04-18T17:46:11.832Z",
    "duration": 27880,
    "testsRegistered": 1,
    "passPercent": 100,
    "pendingPercent": 0,
    "other": 0,
    "hasOther": false,
    "skipped": 0,
    "hasSkipped": false
  },
  "results": [
    {
      "uuid": "5849871c-b95f-4182-945b-a98b156570d7",
      "title": "",
      "fullFile": "cypress\\integration\\aviva\\Tests\\AgentCancelation.cy.js",
      "file": "cypress\\integration\\aviva\\Tests\\AgentCancelation.cy.js",
      "beforeHooks": [],
      "afterHooks": [],
      "tests": [],
      "suites": [
        {
          "uuid": "9f6ad2c0-d384-439b-892a-b72039ff7eb2",
          "title": "Agent can cancel a policy",
          "fullFile": "",
          "file": "",
          "beforeHooks": [],
          "afterHooks": [],
          "tests": [
            {
              "title": "should complete the process of canceling a policy",
              "fullTitle": "Agent can cancel a policy should complete the process of canceling a policy",
              "timedOut": null,
              "duration": 25914,
              "state": "passed",
              "speed": "slow",
              "pass": true,
              "fail": false,
              "pending": false,
              "context": null,
              "code": "Server.Server();\n// Log in\nLogins.company();\nLogins.username();\nLogins.password();\nLogins.loginButton();\n// Search for Customer file\nLogins.email();\nBOAction.searchButton();\nBOAction.policySelectButton();\n// Select policy\nBOAction.livePoliciesBTN();\nBOAction.selectActionCancelWithPolicyNumber();\n// Select Cancelation reason \nBOAction.cookiesAccept();\ncy.getAndWait('.l-columns__column > .a-heading--2').should('have.text', 'Cancel policy');\ncy.getAndWait('#ctl00_MainContent_CancellationRequest').select('Insurer');\ncy.getAndWait('.m-multiselect-toggle').click();\ncy.getAndWait(':nth-child(4) > .a-checkbox > .a-checkbox__label').click();\ncy.getAndWait('#ctl00_MainContent_insurerReasonContinue').click();\n// Select Cancelation date (+5 days from current date)\ncy.getAndWait('.a-label').should('have.text', 'What date would you like to cancel from?');\ncy.getAndWait('#ctl00_MainContent_staffCancelDate').type(day().add(6, 'day').format('DD/MM/YYYY'));\ncy.getAndWait('#ctl00_MainContent_staffDateContinue').click();\n// Quote screen for cancelation\ncy.getAndWait('#ctl00_MainContent_divStaffInsurer > .a-heading--3').should('have.text', 'Amount to be refunded');\ncy.getAndWait('#ctl00_MainContent_Continue').click();\n// Confirmation page check\ncy.getAndWait('.m-heading-group__item').should('have.text', 'Your policy has been cancelled');",
              "err": {},
              "uuid": "3e5e7752-ef98-4cfa-8ff0-c2bdab484422",
              "parentUUID": "9f6ad2c0-d384-439b-892a-b72039ff7eb2",
              "isHook": false,
              "skipped": false
            }
          ],
          "suites": [],
          "passes": [
            "3e5e7752-ef98-4cfa-8ff0-c2bdab484422"
          ],
          "failures": [],
          "pending": [],
          "skipped": [],
          "duration": 25914,
          "root": false,
          "rootEmpty": false,
          "_timeout": 2000
        }
      ],
      "passes": [],
      "failures": [],
      "pending": [],
      "skipped": [],
      "duration": 0,
      "root": true,
      "rootEmpty": true,
      "_timeout": 2000
    }
  ],
  "meta": {
    "mocha": {
      "version": "7.0.1"
    },
    "mochawesome": {
      "options": {
        "quiet": false,
        "reportFilename": "Aviva Automation results",
        "saveHtml": false,
        "saveJson": true,
        "consoleReporter": "spec",
        "useInlineDiffs": false,
        "code": true
      },
      "version": "7.1.3"
    },
    "marge": {
      "options": {
        "charts": true,
        "useInlineDiffs": true,
        "embeddedScreenshots": true,
        "videoOnFailOnly": true,
        "reportFilename": "Aviva Automation results",
        "overwrite": false,
        "html": false,
        "json": true,
        "reportDir": "cypress\\reports\\html\\.jsons"
      },
      "version": "6.2.0"
    }
  }
}