{
  "stats": {
    "suites": 1,
    "tests": 1,
    "passes": 0,
    "pending": 0,
    "failures": 1,
    "start": "2025-07-11T11:49:40.741Z",
    "end": "2025-07-11T11:51:45.250Z",
    "duration": 124509,
    "testsRegistered": 1,
    "passPercent": 0,
    "pendingPercent": 0,
    "other": 0,
    "hasOther": false,
    "skipped": 0,
    "hasSkipped": false
  },
  "results": [
    {
      "uuid": "243e6fdd-ca00-4dcd-8081-c2a67dccaa15",
      "title": "",
      "fullFile": "cypress\\integration\\aviva\\Tests\\019MedicalConditionRemove.cy.js",
      "file": "cypress\\integration\\aviva\\Tests\\019MedicalConditionRemove.cy.js",
      "beforeHooks": [],
      "afterHooks": [],
      "tests": [],
      "suites": [
        {
          "uuid": "6f842a27-8ec7-4b51-acf8-2a6af3b9d84e",
          "title": "Agent can add a Medical condition and remove ok",
          "fullFile": "",
          "file": "",
          "beforeHooks": [],
          "afterHooks": [],
          "tests": [
            {
              "title": "should complete the process of adding and removing a medical condition",
              "fullTitle": "Agent can add a Medical condition and remove ok should complete the process of adding and removing a medical condition",
              "timedOut": null,
              "duration": 62416,
              "state": "failed",
              "speed": null,
              "pass": false,
              "fail": true,
              "pending": false,
              "context": "{\n  \"title\": \"cypress-mochawesome-reporter-screenshots\",\n  \"value\": [\n    [\n      \"\\\\019MedicalConditionRemove.cy.js\\\\Agent can add a Medical condition and remove ok -- should complete the process of adding and removing a medical condition (failed).png\"\n    ],\n    [\n      \"\\\\019MedicalConditionRemove.cy.js\\\\Agent can add a Medical condition and remove ok -- should complete the process of adding and removing a medical condition (failed) (attempt 2).png\"\n    ]\n  ]\n}",
              "code": "Server.Server();\n// Log in\nLogins.company();\nLogins.username();\nLogins.password();\nLogins.loginButton();\n// Revert new window that opens back to original window \nBOAction.agentQuote();\nBOAction.createNewQuoteBTN();\n// Accept cookies\nBOAction.cookiesAccept();\n// Complete section 1 \"About you\"\nAboutYouPage.aboutYouTitle();\nBOAction.notes();\nAboutYouPage.proposerTitle();\nAboutYouPage.proposerForename();\nAboutYouPage.proposerSurname();\nAboutYouPage.proposerEmail();\nAboutYouPage.phone();\nAboutYouPage.aboutYouContinue();\n// Complete section 2 \"Personal details\"\nPersonalDetailsPage.personalDetailsTitle();\nPersonalDetailsPage.addressInput();\nPersonalDetailsPage.addressSuggest();\nPersonalDetailsPage.addressSelect();\nPersonalDetailsPage.addressConfirm();\nPersonalDetailsPage.proposerDOB();\nPersonalDetailsPage.proposerEmployStatus();\nPersonalDetailsPage.licenceType();\nPersonalDetailsPage.licenceYears();\nPersonalDetailsPage.personlaDetailsContinue();\n// Complete section 3 \"Insurance details\"\nInsuranceDetailsPage.insuranceDetailsTitle();\nBOAction.notes();\nInsuranceDetailsPage.drivingExp();\nInsuranceDetailsPage.drivingExpYears();\nInsuranceDetailsPage.carUse();\nInsuranceDetailsPage.insuranceDetailsContinue();\n// Complete section 4 \"Car details\"\nCarDetailsPage.carDetailsTitle();\nBOAction.notes();\nCarDetailsPage.carRegYes();\nCarDetailsPage.carRegInput();\nCarDetailsPage.findCarBTN();\nCarDetailsPage.confirmCarBTN();\nCarDetailsPage.carValueInput();\nCarDetailsPage.carModifiedFalse();\nCarDetailsPage.carDetailsContinue();\n// Complete section 5 \"Additional drivers\"\nAdditionalDriversPage.additionalDriversHeading();\nBOAction.notes();\nAdditionalDriversPage.additionalDriversTrue();\nAdditionalDriversPage.additionalDriver1Title();\nAdditionalDriversPage.additionalDriver1Forename();\nAdditionalDriversPage.additionalDriver1Surname();\nAdditionalDriversPage.additionalDriver1DOB();\nAdditionalDriversPage.additionalDriver1EmploymentStatus();\nAdditionalDriversPage.additionalDriver1LicenceType();\nAdditionalDriversPage.additionalDriver1LicenceYears();\nAdditionalDriversPage.additionalDriver1Relationship();\nAdditionalDriversPage.additionalDriver1SpouseOwnVehFalse();\nAdditionalDriversPage.additionalDriver1Save();\nAdditionalDriversPage.additionalDriversFalse();\nAdditionalDriversPage.additionalDriversContinue();\n// Complete section 6 \"Your claims\"\nAdditionalDriversPage.additionalDriverAddedHeading();\nBOAction.notes();\nYourClaimsPage.claimsHeading();\nYourClaimsPage.claimsFalse1st();\nYourClaimsPage.claimsFalseLast();\nYourClaimsPage.claimsContinue();\n// Complete section 7 \"Penalty points\"\nPenaltyPointsPage.ppHeading();\nBOAction.notes();\nPenaltyPointsPage.ppFalse1st();\nPenaltyPointsPage.ppFalseLast();\nPenaltyPointsPage.ppContinue();\n// Complete section 8 \"Cover start date\"\nCoverStartDatePage.coverStartHeading();\nBOAction.notes();\nCoverStartDatePage.coverStartDate();\nCoverStartDatePage.coverStartHaveHomeIns();\nCoverStartDatePage.coverStartHaveCarIns();\nCoverStartDatePage.coverStartMarketing();\nCoverStartDatePage.coverStartContinue();\n// Quote screen - Buy now \nQuotePageAndExtras.quotePageHeading();\nBOAction.notes();\nQuotePageAndExtras.buyNowBtn();\n// Complete post quote 1 \"About you car\"\nAboutYourCarPage.postQuote1Heading();\nBOAction.notes();\nAboutYourCarPage.postQuote1OwnCar();\nAboutYourCarPage.postQuote1PrivateIns();\nAboutYourCarPage.postQuote1Continue();\n// Complete post quote 2 \"About the drivers\"\nAboutTheDriversPage.postQuote2Heading();\nBOAction.notes();\nAboutTheDriversPage.postQuote2DriverNumber1();\nAboutTheDriversPage.postQuote2IsResidentTrue();\nAboutTheDriversPage.postQuote2IsMainDriverTrue();\nAboutTheDriversPage.postQuote2IsNotOtherCarTrue();\nAboutTheDriversPage.postQuote2IsNotOtherInsTrue();\nAboutTheDriversPage.postQuote2IsNoConvictionTrue();\nAboutTheDriversPage.postQuote2IsNoDisqualificationTrue();\nAboutTheDriversPage.postQuote2IsNoRefusalTrue();\nAboutTheDriversPage.postQuote2IsNoIncreaseTrue();\nAboutTheDriversPage.postQuote2IsNoMedicalFalse();\nAboutTheDriversPage.postQuote2addMedicalConditionBTN();\nAboutTheDriversPage.postQuote2addMedicalConditionDriver();\nAboutTheDriversPage.postQuote2addMedicalConditionSelect();\nAboutTheDriversPage.postQuote2addMedicalConditionInformed();\nAboutTheDriversPage.postQuote2addMedicalConditionSave();\nAboutTheDriversPage.postQuote2addMedicalConditionBTN();\nAboutTheDriversPage.postQuote2addMedicalConditionAD();\nAboutTheDriversPage.postQuote2addMedicalConditionSelect1();\nAboutTheDriversPage.postQuote2addMedicalConditionInformed();\nAboutTheDriversPage.postQuote2addMedicalConditionSave();\nAboutTheDriversPage.postQuote2MedicalDeleteBTN();\nAboutTheDriversPage.postQuote2MedicalRemoveBTN();\n// AboutYourCarPage.postQuote1OwnCar()\n// AboutYourCarPage.postQuote1PrivateIns()\n// AboutYourCarPage.postQuote1Continue()\nAboutTheDriversPage.postQuote2MedicalDeleteBTN1();\nAboutTheDriversPage.postQuote2MedicalRemoveBTN();\n// AboutYourCarPage.postQuote1OwnCar()\n// AboutYourCarPage.postQuote1PrivateIns()\n// AboutYourCarPage.postQuote1Continue()\nAboutTheDriversPage.postQuote2IsNoMedicalTrue();\nAboutTheDriversPage.postQuote2DriverNumber();\nAboutTheDriversPage.postQuote2Continue();\n// Complete post quote 3 \"Your insurance history and inception details\"\nYourInsHistoryAndIncepDetsPage.postQuote3Heading();\nBOAction.notes();\nYourInsHistoryAndIncepDetsPage.postQuote3NCDROITrue();\nYourInsHistoryAndIncepDetsPage.postQuote3NoOtherNCDTrue();\nYourInsHistoryAndIncepDetsPage.postQuote3WithinExpiryTrue();\nYourInsHistoryAndIncepDetsPage.postQuote3IsMyAvivaTrue();\nYourInsHistoryAndIncepDetsPage.postQuote3Continue();\n// Payment type screen - selecting \"No payment required\"\nBOAction.notes();\nPaymentTypesPage.paymentTypeAgentNoPay();\nPaymentTypesPage.paymentTypeAgentNoPayContinue();\n// Diary & correspondence page \nDiaryAndCorrespondencePage.diaryCorrespondenceHeading();\nBOAction.notes();\nDiaryAndCorrespondencePage.diaryCorrespondenceContinue();\n// Thank you page\nThankYouPage.thankyouHeading();\nBOAction.notes();\nThankYouPage.retreivePolicyNumber();\n// Add and remove medical condition at MTA via B/O\nServer.Server();\nBOAction.home();\nLogins.email();\nBOAction.searchButton();\nBOAction.policySelectButton();\n// Open policy\nBOAction.livePoliciesBTN();\n// Select Make adjustment and revert window back to current window\nBOAction.selectActionMakeADJWithPolicyNumber();\n// Select to perform a permanent adjustment on Additional drivers\nMTABOAction.permADJAdditionalDriver();\nAdditionalDriversPage.additionalDriversContinue();\nCoverStartDatePage.coverStartDatePlus1();\nCoverStartDatePage.coverStartContinue();\nMTABOAction.permMTAContinue();\n// Completing post quote screen 2 questions - adding medical condition to drivers and removing\nAboutTheDriversPage.postQuote2Headingselect();\nAboutTheDriversPage.postQuote2Heading();\nBOAction.notes();\nAboutTheDriversPage.postQuote2IsNoMedicalFalse();\nAboutTheDriversPage.postQuote2addMedicalConditionBTN();\nAboutTheDriversPage.postQuote2addMedicalConditionDriver();\nAboutTheDriversPage.postQuote2addMedicalConditionSelect();\nAboutTheDriversPage.postQuote2addMedicalConditionInformed();\nAboutTheDriversPage.postQuote2addMedicalConditionSave();\nAboutTheDriversPage.postQuote2addMedicalConditionBTN();\nAboutTheDriversPage.postQuote2addMedicalConditionAD();\nAboutTheDriversPage.postQuote2addMedicalConditionSelect1();\nAboutTheDriversPage.postQuote2addMedicalConditionInformed();\nAboutTheDriversPage.postQuote2addMedicalConditionSave();\n//cy.wait(1000)\ncy.getAndWait('#RemoveCondition').click();\ncy.getAndWait('#ctl00_MainContent_MedicalRepeater_ctl00_DeleteThisCondition').click();\n//cy.wait(1000)\nAboutTheDriversPage.postQuote2Headingselect();\ncy.getAndWait('#RemoveCondition').click();\ncy.getAndWait('#ctl00_MainContent_MedicalRepeater_ctl00_DeleteThisCondition').click();\n//cy.wait(1000)\nAboutTheDriversPage.postQuote2Headingselect();\nAboutTheDriversPage.postQuote2IsNoMedicalTrue();\n// Completing post quote screen 3 \nYourInsHistoryAndIncepDetsPage.postQuote3Continue();\ncy.getAndWait('.m-card-content > p').should('contain', 'Go back to make a change to your details');",
              "err": {
                "message": "CypressError: Timed out retrying after 10050ms: `cy.click()` failed because this element:\n\n`<span class=\"a-radio__label-inner\">False</span>`\n\nis being covered by another element:\n\n`<span class=\"a-radio__label\">...</span>`\n\nFix this problem, or use {force: true} to disable error checking.\n\nhttps://on.cypress.io/element-cannot-be-interacted-with",
                "estack": "CypressError: Timed out retrying after 10050ms: `cy.click()` failed because this element:\n\n`<span class=\"a-radio__label-inner\">False</span>`\n\nis being covered by another element:\n\n`<span class=\"a-radio__label\">...</span>`\n\nFix this problem, or use {force: true} to disable error checking.\n\nhttps://on.cypress.io/element-cannot-be-interacted-with\n    at ensureIsDescendent (https://testaviva7hotfix.dotsys.co.uk/__cypress/runner/cypress_runner.js:114387:68)\n    at ensureDescendents (https://testaviva7hotfix.dotsys.co.uk/__cypress/runner/cypress_runner.js:114438:5)\n    at ensureDescendentsAndScroll (https://testaviva7hotfix.dotsys.co.uk/__cypress/runner/cypress_runner.js:114444:14)\n    at ensureElIsNotCovered (https://testaviva7hotfix.dotsys.co.uk/__cypress/runner/cypress_runner.js:114575:5)\n    at runAllChecks (https://testaviva7hotfix.dotsys.co.uk/__cypress/runner/cypress_runner.js:114774:52)\n    at retryActionability (https://testaviva7hotfix.dotsys.co.uk/__cypress/runner/cypress_runner.js:114811:16)\n    at tryCatcher (https://testaviva7hotfix.dotsys.co.uk/__cypress/runner/cypress_runner.js:1777:23)\n    at Promise.attempt.Promise.try (https://testaviva7hotfix.dotsys.co.uk/__cypress/runner/cypress_runner.js:4285:29)\n    at whenStable (https://testaviva7hotfix.dotsys.co.uk/__cypress/runner/cypress_runner.js:147205:68)\n    at <unknown> (https://testaviva7hotfix.dotsys.co.uk/__cypress/runner/cypress_runner.js:147146:14)\n    at tryCatcher (https://testaviva7hotfix.dotsys.co.uk/__cypress/runner/cypress_runner.js:1777:23)\n    at Promise._settlePromiseFromHandler (https://testaviva7hotfix.dotsys.co.uk/__cypress/runner/cypress_runner.js:1489:31)\n    at Promise._settlePromise (https://testaviva7hotfix.dotsys.co.uk/__cypress/runner/cypress_runner.js:1546:18)\n    at Promise._settlePromise0 (https://testaviva7hotfix.dotsys.co.uk/__cypress/runner/cypress_runner.js:1591:10)\n    at Promise._settlePromises (https://testaviva7hotfix.dotsys.co.uk/__cypress/runner/cypress_runner.js:1671:18)\n    at Promise._fulfill (https://testaviva7hotfix.dotsys.co.uk/__cypress/runner/cypress_runner.js:1615:18)\n    at <unknown> (https://testaviva7hotfix.dotsys.co.uk/__cypress/runner/cypress_runner.js:5420:46)",
                "diff": null
              },
              "uuid": "f6c6f9dc-e518-40c3-bbd3-6c74f79b21f1",
              "parentUUID": "6f842a27-8ec7-4b51-acf8-2a6af3b9d84e",
              "isHook": false,
              "skipped": false
            }
          ],
          "suites": [],
          "passes": [],
          "failures": [
            "f6c6f9dc-e518-40c3-bbd3-6c74f79b21f1"
          ],
          "pending": [],
          "skipped": [],
          "duration": 62416,
          "root": false,
          "rootEmpty": false,
          "_timeout": 2000
        }
      ],
      "passes": [],
      "failures": [],
      "pending": [],
      "skipped": [],
      "duration": 0,
      "root": true,
      "rootEmpty": true,
      "_timeout": 2000
    }
  ],
  "meta": {
    "mocha": {
      "version": "7.2.0"
    },
    "mochawesome": {
      "options": {
        "quiet": false,
        "reportFilename": "Aviva Automation results",
        "saveHtml": false,
        "saveJson": true,
        "consoleReporter": "spec",
        "useInlineDiffs": false,
        "code": true
      },
      "version": "7.1.3"
    },
    "marge": {
      "options": {
        "charts": true,
        "useInlineDiffs": true,
        "embeddedScreenshots": true,
        "videoOnFailOnly": true,
        "reportFilename": "Aviva Automation results",
        "overwrite": false,
        "html": false,
        "json": true,
        "reportDir": "cypress\\reports\\html\\.jsons"
      },
      "version": "6.2.0"
    }
  }
}