{
  "stats": {
    "suites": 1,
    "tests": 1,
    "passes": 0,
    "pending": 0,
    "failures": 1,
    "start": "2025-04-11T13:56:21.451Z",
    "end": "2025-04-11T13:56:21.835Z",
    "duration": 384,
    "testsRegistered": 1,
    "passPercent": 0,
    "pendingPercent": 0,
    "other": 0,
    "hasOther": false,
    "skipped": 0,
    "hasSkipped": false
  },
  "results": [
    {
      "uuid": "2ddfbca8-9442-4e38-b221-2c864162aaf8",
      "title": "",
      "fullFile": "cypress\\integration\\aviva\\Tests\\CustDocUpload.cy.js",
      "file": "cypress\\integration\\aviva\\Tests\\CustDocUpload.cy.js",
      "beforeHooks": [],
      "afterHooks": [],
      "tests": [],
      "suites": [
        {
          "uuid": "fda48ea2-f31f-4eb4-8ca0-fc953c03941a",
          "title": "Customer can upload a document",
          "fullFile": "",
          "file": "",
          "beforeHooks": [],
          "afterHooks": [],
          "tests": [
            {
              "title": "should upload a document successfully",
              "fullTitle": "Customer can upload a document should upload a document successfully",
              "timedOut": null,
              "duration": 172,
              "state": "failed",
              "speed": null,
              "pass": false,
              "fail": true,
              "pending": false,
              "context": "{\n  \"title\": \"cypress-mochawesome-reporter-screenshots\",\n  \"value\": [\n    [\n      \"\\\\CustDocUpload.cy.js\\\\Customer can upload a document -- should upload a document successfully (failed).png\"\n    ],\n    [\n      \"\\\\CustDocUpload.cy.js\\\\Customer can upload a document -- should upload a document successfully (failed) (attempt 2).png\"\n    ]\n  ]\n}",
              "code": "Server.Server1();\nBOAction.cookiesAccept();\ncy.getAndWait('[class^=\"a-heading a-heading--1 u-margin--top-none\"]').contains('Log in to MyAviva').and('be.visible');\nLogins.loginEmail();\nLogins.loginPassword();\nLogins.loginPortalButton();\nPortalAction.portalManagePolicyWithPolicyNumber();\ncy.getAndWait('#Main_btnUploadDocuments').click();\ncy.getAndWait('#Main_ddlDocumentUpload').select(1);\ncy.getAndWait('.a-file-upload__label').click();\ncy.get('input[type=\"file\"]').selectFile(\"C:/Aviva/AvivaCypress/cypress/support/Example.jpg\", {\n  force: true\n});\ncy.getAndWait('#Main_btnUpload').click();\ncy.getAndWait('#Main_divSuccessMessage > .l-columns > .l-columns__column > .m-card > .m-card-content > .m-heading-group__item').contains('Upload successful');",
              "err": {
                "message": "TypeError: Logins.loginPortalButton is not a function",
                "estack": "TypeError: Logins.loginPortalButton is not a function\n    at Context.eval (webpack://avivaproject/./cypress/integration/aviva/Tests/CustDocUpload.cy.js:25:15)\n    at runnable.fn (http://localhost:58864/__cypress/runner/cypress_runner.js:140177:19)\n    at callFn (http://localhost:58864/__cypress/runner/cypress_runner.js:158777:21)\n    at Runnable.run (http://localhost:58864/__cypress/runner/cypress_runner.js:158764:7)\n    at <unknown> (http://localhost:58864/__cypress/runner/cypress_runner.js:164697:30)\n    at PassThroughHandlerContext.finallyHandler (http://localhost:58864/__cypress/runner/cypress_runner.js:4042:23)\n    at PassThroughHandlerContext.tryCatcher (http://localhost:58864/__cypress/runner/cypress_runner.js:1777:23)\n    at Promise._settlePromiseFromHandler (http://localhost:58864/__cypress/runner/cypress_runner.js:1489:31)\n    at Promise._settlePromise (http://localhost:58864/__cypress/runner/cypress_runner.js:1546:18)",
                "diff": null
              },
              "uuid": "9b1ab69f-d843-4b05-b646-7f11f6f3c25f",
              "parentUUID": "fda48ea2-f31f-4eb4-8ca0-fc953c03941a",
              "isHook": false,
              "skipped": false
            }
          ],
          "suites": [],
          "passes": [],
          "failures": [
            "9b1ab69f-d843-4b05-b646-7f11f6f3c25f"
          ],
          "pending": [],
          "skipped": [],
          "duration": 172,
          "root": false,
          "rootEmpty": false,
          "_timeout": 2000
        }
      ],
      "passes": [],
      "failures": [],
      "pending": [],
      "skipped": [],
      "duration": 0,
      "root": true,
      "rootEmpty": true,
      "_timeout": 2000
    }
  ],
  "meta": {
    "mocha": {
      "version": "7.0.1"
    },
    "mochawesome": {
      "options": {
        "quiet": false,
        "reportFilename": "Aviva Automation results",
        "saveHtml": false,
        "saveJson": true,
        "consoleReporter": "spec",
        "useInlineDiffs": false,
        "code": true
      },
      "version": "7.1.3"
    },
    "marge": {
      "options": {
        "charts": true,
        "useInlineDiffs": true,
        "embeddedScreenshots": true,
        "videoOnFailOnly": true,
        "reportFilename": "Aviva Automation results",
        "overwrite": false,
        "html": false,
        "json": true,
        "reportDir": "cypress\\reports\\html\\.jsons"
      },
      "version": "6.2.0"
    }
  }
}