{
  "stats": {
    "suites": 1,
    "tests": 1,
    "passes": 0,
    "pending": 0,
    "failures": 1,
    "start": "2025-05-15T09:08:34.660Z",
    "end": "2025-05-15T09:12:10.649Z",
    "duration": 215989,
    "testsRegistered": 1,
    "passPercent": 0,
    "pendingPercent": 0,
    "other": 0,
    "hasOther": false,
    "skipped": 0,
    "hasSkipped": false
  },
  "results": [
    {
      "uuid": "27067d45-64e3-4f90-9082-3148aec2637f",
      "title": "",
      "fullFile": "cypress\\integration\\aviva\\Tests\\002AgentRenewalPIFtoPIFNoEmailQA.cy.js",
      "file": "cypress\\integration\\aviva\\Tests\\002AgentRenewalPIFtoPIFNoEmailQA.cy.js",
      "beforeHooks": [],
      "afterHooks": [],
      "tests": [],
      "suites": [
        {
          "uuid": "7b9db01a-302c-441f-b945-f6d7dfd208b6",
          "title": "Agent can Renew a policy",
          "fullFile": "",
          "file": "",
          "beforeHooks": [],
          "afterHooks": [],
          "tests": [
            {
              "title": "should complete the process of renewing a policy",
              "fullTitle": "Agent can Renew a policy should complete the process of renewing a policy",
              "timedOut": null,
              "duration": 119861,
              "state": "failed",
              "speed": null,
              "pass": false,
              "fail": true,
              "pending": false,
              "context": "{\n  \"title\": \"cypress-mochawesome-reporter-screenshots\",\n  \"value\": [\n    [\n      \"\\\\002AgentRenewalPIFtoPIFNoEmailQA.cy.js\\\\Agent can Renew a policy -- should complete the process of renewing a policy (failed).png\"\n    ],\n    [\n      \"\\\\002AgentRenewalPIFtoPIFNoEmailQA.cy.js\\\\Agent can Renew a policy -- should complete the process of renewing a policy (failed) (attempt 2).png\"\n    ]\n  ]\n}",
              "code": "Server.Server();\n// Log in\nLogins.company();\nLogins.username();\nLogins.password();\nLogins.loginButton();\n// Revert new window that opens back to original window \nBOAction.agentQuote();\nBOAction.createNewQuoteBTN();\n// Accept cookies\nBOAction.cookiesAccept();\n// Complete section 1 \"About you\"\nAboutYouPage.aboutYouTitle();\nBOAction.notes();\nAboutYouPage.proposerTitle();\nAboutYouPage.proposerForename();\nAboutYouPage.proposerSurname();\nAboutYouPage.proposerNoEmail();\nAboutYouPage.phone();\nAboutYouPage.aboutYouContinue();\n// Complete section 2 \"Personal details\"\nPersonalDetailsPage.personalDetailsTitle();\nPersonalDetailsPage.addressInput();\nPersonalDetailsPage.addressSuggest();\nPersonalDetailsPage.addressSelect();\nPersonalDetailsPage.addressConfirm();\nPersonalDetailsPage.proposerDOB();\nPersonalDetailsPage.proposerEmployStatus();\nPersonalDetailsPage.licenceType();\nPersonalDetailsPage.licenceYears();\nPersonalDetailsPage.personlaDetailsContinue();\n// Complete section 3 \"Insurance details\"\nInsuranceDetailsPage.insuranceDetailsTitle();\nBOAction.notes();\nInsuranceDetailsPage.drivingExp();\nInsuranceDetailsPage.drivingExpYears();\nInsuranceDetailsPage.carUse();\nInsuranceDetailsPage.insuranceDetailsContinue();\n// Complete section 4 \"Car details\"\nCarDetailsPage.carDetailsTitle();\nBOAction.notes();\nCarDetailsPage.carRegYes();\nCarDetailsPage.carRegInput();\nCarDetailsPage.findCarBTN();\nCarDetailsPage.confirmCarBTN();\nCarDetailsPage.carValueInput();\nCarDetailsPage.carModifiedFalse();\nCarDetailsPage.carDetailsContinue();\n// Complete section 5 \"Additional drivers\"\nAdditionalDriversPage.additionalDriversHeading();\nBOAction.notes();\nAdditionalDriversPage.additionalDriversFalse();\nAdditionalDriversPage.additionalDriversContinue();\n// Complete section 6 \"Your claims\"\nYourClaimsPage.claimsHeading();\nBOAction.notes();\nYourClaimsPage.claimsFalse1st();\nYourClaimsPage.claimsContinue();\n// Complete section 7 \"Penalty points\"\nPenaltyPointsPage.ppHeading();\nBOAction.notes();\nPenaltyPointsPage.ppFalse1st();\nPenaltyPointsPage.ppContinue();\n// Complete section 8 \"Cover start date\"\nCoverStartDatePage.coverStartHeading();\nBOAction.notes();\nCoverStartDatePage.coverStartDate();\nCoverStartDatePage.coverStartHaveHomeIns();\nCoverStartDatePage.coverStartHaveCarIns();\nCoverStartDatePage.coverStartMarketing();\nCoverStartDatePage.coverStartContinue();\n// Quote screen - Buy now \nQuotePageAndExtras.quotePageHeading();\nBOAction.notes();\nQuotePageAndExtras.buyNowBtn();\n// Complete post quote 1 \"About you car\"\nAboutYourCarPage.postQuote1Heading();\nBOAction.notes();\nAboutYourCarPage.postQuote1OwnCar();\nAboutYourCarPage.postQuote1PrivateIns();\nAboutYourCarPage.postQuote1Continue();\n// Complete post quote 2 \"About the drivers\"\nAboutTheDriversPage.postQuote2Heading();\nBOAction.notes();\nAboutTheDriversPage.postQuote2IsResidentTrue();\nAboutTheDriversPage.postQuote2IsMainDriverTrue();\nAboutTheDriversPage.postQuote2IsNotOtherCarTrue();\nAboutTheDriversPage.postQuote2IsNotOtherInsTrue();\nAboutTheDriversPage.postQuote2IsNoConvictionTrue();\nAboutTheDriversPage.postQuote2IsNoDisqualificationTrue();\nAboutTheDriversPage.postQuote2IsNoRefusalTrue();\nAboutTheDriversPage.postQuote2IsNoIncreaseTrue();\nAboutTheDriversPage.postQuote2IsNoMedicalTrue();\nAboutTheDriversPage.postQuote2DriverNumber();\nAboutTheDriversPage.postQuote2Continue();\n// Complete post quote 3 \"Your insurance history and inception details\"\nYourInsHistoryAndIncepDetsPage.postQuote3Heading();\nBOAction.notes();\nYourInsHistoryAndIncepDetsPage.postQuote3NCDROITrue();\nYourInsHistoryAndIncepDetsPage.postQuote3NoOtherNCDTrue();\nYourInsHistoryAndIncepDetsPage.postQuote3WithinExpiryTrue();\nYourInsHistoryAndIncepDetsPage.postQuote3Continue();\n// Payment type screen - selecting \"No payment required\"\nBOAction.notes();\nPaymentTypesPage.paymentTypeAgentNoPay();\nPaymentTypesPage.paymentTypeAgentNoPayContinue();\n// Diary & correspondence page \nDiaryAndCorrespondencePage.diaryCorrespondenceHeading();\nBOAction.notes();\nDiaryAndCorrespondencePage.diaryCorrespondenceContinue();\n// Thank you page\nThankYouPage.thankyouHeading();\nBOAction.notes();\nThankYouPage.retreivePolicyNumber();\n// Back dating policy \nServer.Server();\nBOAction.home();\nBOAction.noEmailPolicySearch();\nBOAction.policySelectButton();\nBOAction.unlockBTN();\nBOAction.livePoliciesBTN();\nBOAction.policyToolsAgePolicyWithPolicyNumber();\nBOAction.agePolicyPlus2();\n// Generating and Printing renewal\nServer.Server();\nBOAction.home();\nBOAction.noEmailPolicySearch();\nBOAction.searchButton();\nBOAction.policySelectButton();\nBOAction.generateRenewal();\nBOAction.inviteRenewal();\n// Checking for renewal invite email in docs\nBOAction.recallPolicy();\nBOAction.livePoliciesBTN();\nBOAction.selectActionDocumentsWithPolicyNumber();\nBOAction.checkRenewalInviteDocsNoEmail();\ncy.go(-2);\n// Purchase renewal quote\nBOAction.livePoliciesBTN();\nBOAction.selectActionRenewalWithPolicyNumber();\nQuotePageAndExtras.selectStaffDiscount();\nQuotePageAndExtras.buyNowBtn();\nAboutYourCarPage.postQuote1OwnCar();\nAboutYourCarPage.postQuote1PrivateIns();\nAboutYourCarPage.postQuote1Continue();\nAboutTheDriversPage.postQuote2Continue();\nYourInsHistoryAndIncepDetsPage.postQuote3Continue();\nPaymentTypesPage.paymentTypeAgentNoPay();\nPaymentTypesPage.paymentTypeAgentCheque();\nThankYouPage.thankyouHeading();\n// Navigate back to B/O and check renewal docs have generated\nServer.Server();\nBOAction.home();\nBOAction.noEmailPolicySearch();\nBOAction.searchButton();\nBOAction.policySelectButton();\nBOAction.livePoliciesBTN();\nBOAction.selectActionDocumentsWithPolicyNumber();\nBOAction.checkRenewalDocsNoEmail();",
              "err": {
                "message": "AssertionError: Timed out retrying after 40000ms: Expected to find element: `#ctl00_ContentPlaceHolder1_PolicyNumber`, but never found it.",
                "estack": "AssertionError: Timed out retrying after 40000ms: Expected to find element: `#ctl00_ContentPlaceHolder1_PolicyNumber`, but never found it.\n    at exists (https://qa2aviva.dotsys.co.uk/__cypress/runner/cypress_runner.js:144765:26)\n    at elExists (https://qa2aviva.dotsys.co.uk/__cypress/runner/cypress_runner.js:144780:10)\n    at ensureExistence (https://qa2aviva.dotsys.co.uk/__cypress/runner/cypress_runner.js:144961:22)\n    at onFailFn (https://qa2aviva.dotsys.co.uk/__cypress/runner/cypress_runner.js:144990:53)\n    at tryCatcher (https://qa2aviva.dotsys.co.uk/__cypress/runner/cypress_runner.js:1777:23)\n    at Promise._settlePromiseFromHandler (https://qa2aviva.dotsys.co.uk/__cypress/runner/cypress_runner.js:1489:31)\n    at Promise._settlePromise (https://qa2aviva.dotsys.co.uk/__cypress/runner/cypress_runner.js:1546:18)\n    at Promise._settlePromise0 (https://qa2aviva.dotsys.co.uk/__cypress/runner/cypress_runner.js:1591:10)\n    at Promise._settlePromises (https://qa2aviva.dotsys.co.uk/__cypress/runner/cypress_runner.js:1667:18)\n    at _drainQueueStep (https://qa2aviva.dotsys.co.uk/__cypress/runner/cypress_runner.js:2377:12)\n    at _drainQueue (https://qa2aviva.dotsys.co.uk/__cypress/runner/cypress_runner.js:2370:9)\n    at Async._drainQueues (https://qa2aviva.dotsys.co.uk/__cypress/runner/cypress_runner.js:2386:5)\n    at Async.drainQueues (https://qa2aviva.dotsys.co.uk/__cypress/runner/cypress_runner.js:2256:14)",
                "diff": null
              },
              "uuid": "39b3ea6f-e068-43d3-9f12-b7df0ef7d12a",
              "parentUUID": "7b9db01a-302c-441f-b945-f6d7dfd208b6",
              "isHook": false,
              "skipped": false
            }
          ],
          "suites": [],
          "passes": [],
          "failures": [
            "39b3ea6f-e068-43d3-9f12-b7df0ef7d12a"
          ],
          "pending": [],
          "skipped": [],
          "duration": 119861,
          "root": false,
          "rootEmpty": false,
          "_timeout": 2000
        }
      ],
      "passes": [],
      "failures": [],
      "pending": [],
      "skipped": [],
      "duration": 0,
      "root": true,
      "rootEmpty": true,
      "_timeout": 2000
    }
  ],
  "meta": {
    "mocha": {
      "version": "7.0.1"
    },
    "mochawesome": {
      "options": {
        "quiet": false,
        "reportFilename": "Aviva Automation results",
        "saveHtml": false,
        "saveJson": true,
        "consoleReporter": "spec",
        "useInlineDiffs": false,
        "code": true
      },
      "version": "7.1.3"
    },
    "marge": {
      "options": {
        "charts": true,
        "useInlineDiffs": true,
        "embeddedScreenshots": true,
        "videoOnFailOnly": true,
        "reportFilename": "Aviva Automation results",
        "overwrite": false,
        "html": false,
        "json": true,
        "reportDir": "cypress\\reports\\html\\.jsons"
      },
      "version": "6.2.0"
    }
  }
}