{
  "stats": {
    "suites": 1,
    "tests": 1,
    "passes": 0,
    "pending": 0,
    "failures": 1,
    "start": "2025-04-16T14:48:32.423Z",
    "end": "2025-04-16T14:50:18.524Z",
    "duration": 106101,
    "testsRegistered": 1,
    "passPercent": 0,
    "pendingPercent": 0,
    "other": 0,
    "hasOther": false,
    "skipped": 0,
    "hasSkipped": false
  },
  "results": [
    {
      "uuid": "ec894283-1c4f-4656-a5ce-42af6d1bff89",
      "title": "",
      "fullFile": "cypress\\integration\\aviva\\Tests\\Add7DriversAgent.cy.js",
      "file": "cypress\\integration\\aviva\\Tests\\Add7DriversAgent.cy.js",
      "beforeHooks": [],
      "afterHooks": [],
      "tests": [],
      "suites": [
        {
          "uuid": "3ed14d9e-fc20-494c-abb3-00a33d116909",
          "title": "Agent to add 7 drivers and check errors",
          "fullFile": "",
          "file": "",
          "beforeHooks": [],
          "afterHooks": [],
          "tests": [
            {
              "title": "should complete the process of adding 7 drivers and checking for errors",
              "fullTitle": "Agent to add 7 drivers and check errors should complete the process of adding 7 drivers and checking for errors",
              "timedOut": null,
              "duration": 44130,
              "state": "failed",
              "speed": null,
              "pass": false,
              "fail": true,
              "pending": false,
              "context": "{\n  \"title\": \"cypress-mochawesome-reporter-screenshots\",\n  \"value\": [\n    [\n      \"\\\\Add7DriversAgent.cy.js\\\\Agent to add 7 drivers and check errors -- should complete the process of adding 7 drivers and checking for errors (failed).png\"\n    ],\n    [\n      \"\\\\Add7DriversAgent.cy.js\\\\Agent to add 7 drivers and check errors -- should complete the process of adding 7 drivers and checking for errors (failed) (attempt 2).png\"\n    ]\n  ]\n}",
              "code": "Server.Server();\n// Log in\nLogins.company();\nLogins.username();\nLogins.password();\nLogins.loginButton();\n// Revert new window that opens back to original window \nBOAction.agentQuote();\nBOAction.createNewQuoteBTN();\n// Accept cookies\nBOAction.cookiesAccept();\n// Complete section 1 \"About you\"\nAboutYouPage.aboutYouTitle();\nBOAction.notes();\nAboutYouPage.proposerTitle();\nAboutYouPage.proposerForename();\nAboutYouPage.proposerSurname();\nAboutYouPage.proposerEmail();\nAboutYouPage.phone();\nAboutYouPage.aboutYouContinue();\n// Complete section 2 \"Personal details\"\nPersonalDetailsPage.personalDetailsTitle();\nPersonalDetailsPage.addressInput();\nPersonalDetailsPage.addressSuggest();\nPersonalDetailsPage.addressSelect();\nPersonalDetailsPage.addressConfirm();\nPersonalDetailsPage.proposerDOB();\nPersonalDetailsPage.proposerEmployStatus();\nPersonalDetailsPage.licenceType();\nPersonalDetailsPage.licenceYears();\nPersonalDetailsPage.personlaDetailsContinue();\n// Complete section 3 \"Insurance details\"\nInsuranceDetailsPage.insuranceDetailsTitle();\nBOAction.notes();\nInsuranceDetailsPage.drivingExp();\nInsuranceDetailsPage.drivingExpYears();\nInsuranceDetailsPage.carUse();\nInsuranceDetailsPage.insuranceDetailsContinue();\n// Complete section 4 \"Car details\"\nCarDetailsPage.carDetailsTitle();\nBOAction.notes();\nCarDetailsPage.carRegYes();\nCarDetailsPage.carRegInput();\nCarDetailsPage.findCarBTN();\nCarDetailsPage.confirmCarBTN();\nCarDetailsPage.carValueInput();\nCarDetailsPage.carModifiedFalse();\nCarDetailsPage.carDetailsContinue();\n// Complete section 5 \"Additional drivers\"\nAdditionalDriversPage.additionalDriversHeading();\nBOAction.notes();\nAdditionalDriversPage.additionalDriversTrue();\nAdditionalDriversPage.additionalDriver1Title();\nAdditionalDriversPage.additionalDriver1Forename();\nAdditionalDriversPage.additionalDriver1Surname();\nAdditionalDriversPage.additionalDriver1DOB();\nAdditionalDriversPage.additionalDriver1EmploymentStatus();\nAdditionalDriversPage.additionalDriver1LicenceType();\nAdditionalDriversPage.additionalDriver1LicenceYears();\nAdditionalDriversPage.additionalDriver1Relationship();\nAdditionalDriversPage.additionalDriver1SpouseOwnVehFalse();\nAdditionalDriversPage.additionalDriver1Save();\nAdditionalDriversPage.additionalDriver2();\nAdditionalDriversPage.additionalDriver3();\nAdditionalDriversPage.additionalDriver4();\nAdditionalDriversPage.additionalDriver5();\nAdditionalDriversPage.additionalDriver6();\nAdditionalDriversPage.additionalDriver7();\nAdditionalDriversPage.additionalDriversContinue();\n// Complete section 6 \"Your claims\"\nAdditionalDriversPage.additionalDriverAddedHeading1();",
              "err": {
                "message": "AssertionError: Timed out retrying after 40000ms: Expected to find element: `#div1`, but never found it.",
                "estack": "AssertionError: Timed out retrying after 40000ms: Expected to find element: `#div1`, but never found it.\n    at exists (https://testaviva3.dotsys.co.uk/__cypress/runner/cypress_runner.js:144765:26)\n    at elExists (https://testaviva3.dotsys.co.uk/__cypress/runner/cypress_runner.js:144780:10)\n    at ensureExistence (https://testaviva3.dotsys.co.uk/__cypress/runner/cypress_runner.js:144961:22)\n    at onFailFn (https://testaviva3.dotsys.co.uk/__cypress/runner/cypress_runner.js:144990:53)\n    at tryCatcher (https://testaviva3.dotsys.co.uk/__cypress/runner/cypress_runner.js:1777:23)\n    at Promise._settlePromiseFromHandler (https://testaviva3.dotsys.co.uk/__cypress/runner/cypress_runner.js:1489:31)\n    at Promise._settlePromise (https://testaviva3.dotsys.co.uk/__cypress/runner/cypress_runner.js:1546:18)\n    at Promise._settlePromise0 (https://testaviva3.dotsys.co.uk/__cypress/runner/cypress_runner.js:1591:10)\n    at Promise._settlePromises (https://testaviva3.dotsys.co.uk/__cypress/runner/cypress_runner.js:1667:18)\n    at _drainQueueStep (https://testaviva3.dotsys.co.uk/__cypress/runner/cypress_runner.js:2377:12)\n    at _drainQueue (https://testaviva3.dotsys.co.uk/__cypress/runner/cypress_runner.js:2370:9)\n    at Async._drainQueues (https://testaviva3.dotsys.co.uk/__cypress/runner/cypress_runner.js:2386:5)\n    at Async.drainQueues (https://testaviva3.dotsys.co.uk/__cypress/runner/cypress_runner.js:2256:14)",
                "diff": null
              },
              "uuid": "bcc39222-c123-4dbd-aa36-ef1da08bf56f",
              "parentUUID": "3ed14d9e-fc20-494c-abb3-00a33d116909",
              "isHook": false,
              "skipped": false
            }
          ],
          "suites": [],
          "passes": [],
          "failures": [
            "bcc39222-c123-4dbd-aa36-ef1da08bf56f"
          ],
          "pending": [],
          "skipped": [],
          "duration": 44130,
          "root": false,
          "rootEmpty": false,
          "_timeout": 2000
        }
      ],
      "passes": [],
      "failures": [],
      "pending": [],
      "skipped": [],
      "duration": 0,
      "root": true,
      "rootEmpty": true,
      "_timeout": 2000
    }
  ],
  "meta": {
    "mocha": {
      "version": "7.0.1"
    },
    "mochawesome": {
      "options": {
        "quiet": false,
        "reportFilename": "Aviva Automation results",
        "saveHtml": false,
        "saveJson": true,
        "consoleReporter": "spec",
        "useInlineDiffs": false,
        "code": true
      },
      "version": "7.1.3"
    },
    "marge": {
      "options": {
        "charts": true,
        "useInlineDiffs": true,
        "embeddedScreenshots": true,
        "videoOnFailOnly": true,
        "reportFilename": "Aviva Automation results",
        "overwrite": false,
        "html": false,
        "json": true,
        "reportDir": "cypress\\reports\\html\\.jsons"
      },
      "version": "6.2.0"
    }
  }
}