{
  "stats": {
    "suites": 1,
    "tests": 1,
    "passes": 1,
    "pending": 0,
    "failures": 0,
    "start": "2025-08-14T12:30:00.302Z",
    "end": "2025-08-14T12:30:09.589Z",
    "duration": 9287,
    "testsRegistered": 1,
    "passPercent": 100,
    "pendingPercent": 0,
    "other": 0,
    "hasOther": false,
    "skipped": 0,
    "hasSkipped": false
  },
  "results": [
    {
      "uuid": "c14f1697-6513-4028-8986-a5dcffa396e2",
      "title": "",
      "fullFile": "cypress\\integration\\aviva\\Tests\\027AgentUnlock1.cy.js",
      "file": "cypress\\integration\\aviva\\Tests\\027AgentUnlock1.cy.js",
      "beforeHooks": [],
      "afterHooks": [],
      "tests": [],
      "suites": [
        {
          "uuid": "50f74b70-0f48-40e2-b698-80dd7e53a8f3",
          "title": "Agent can unlock customer file again",
          "fullFile": "",
          "file": "",
          "beforeHooks": [],
          "afterHooks": [],
          "tests": [
            {
              "title": "should unlock the customer file again",
              "fullTitle": "Agent can unlock customer file again should unlock the customer file again",
              "timedOut": null,
              "duration": 7470,
              "state": "passed",
              "speed": "medium",
              "pass": true,
              "fail": false,
              "pending": false,
              "context": null,
              "code": "Server.Server();\n// Log in\nLogins.company();\nLogins.username();\nLogins.password();\nLogins.loginButton();\n// Search for Customer file\nLogins.email();\nBOAction.searchButton();\nBOAction.policySelectButton();\n// Unlock customer file\nBOAction.unlockBTN();",
              "err": {},
              "uuid": "11eeed21-2fb4-4c23-b461-0b0d171f313a",
              "parentUUID": "50f74b70-0f48-40e2-b698-80dd7e53a8f3",
              "isHook": false,
              "skipped": false
            }
          ],
          "suites": [],
          "passes": [
            "11eeed21-2fb4-4c23-b461-0b0d171f313a"
          ],
          "failures": [],
          "pending": [],
          "skipped": [],
          "duration": 7470,
          "root": false,
          "rootEmpty": false,
          "_timeout": 2000
        }
      ],
      "passes": [],
      "failures": [],
      "pending": [],
      "skipped": [],
      "duration": 0,
      "root": true,
      "rootEmpty": true,
      "_timeout": 2000
    }
  ],
  "meta": {
    "mocha": {
      "version": "7.2.0"
    },
    "mochawesome": {
      "options": {
        "quiet": false,
        "reportFilename": "Aviva Automation results",
        "saveHtml": false,
        "saveJson": true,
        "consoleReporter": "spec",
        "useInlineDiffs": false,
        "code": true
      },
      "version": "7.1.3"
    },
    "marge": {
      "options": {
        "charts": true,
        "useInlineDiffs": true,
        "embeddedScreenshots": true,
        "videoOnFailOnly": true,
        "reportFilename": "Aviva Automation results",
        "overwrite": false,
        "html": false,
        "json": true,
        "reportDir": "cypress\\reports\\html\\.jsons"
      },
      "version": "6.2.0"
    }
  }
}