{
  "stats": {
    "suites": 1,
    "tests": 1,
    "passes": 1,
    "pending": 0,
    "failures": 0,
    "start": "2025-05-15T07:57:03.067Z",
    "end": "2025-05-15T07:57:10.875Z",
    "duration": 7808,
    "testsRegistered": 1,
    "passPercent": 100,
    "pendingPercent": 0,
    "other": 0,
    "hasOther": false,
    "skipped": 0,
    "hasSkipped": false
  },
  "results": [
    {
      "uuid": "2ca4e12a-5be4-4acf-8cb3-0eb01872ddc4",
      "title": "",
      "fullFile": "cypress\\integration\\aviva\\Tests\\027AgentUnlock1.cy.js",
      "file": "cypress\\integration\\aviva\\Tests\\027AgentUnlock1.cy.js",
      "beforeHooks": [],
      "afterHooks": [],
      "tests": [],
      "suites": [
        {
          "uuid": "fa1e8e2d-305f-4849-86ba-88471beb60ed",
          "title": "Agent can unlock customer file again",
          "fullFile": "",
          "file": "",
          "beforeHooks": [],
          "afterHooks": [],
          "tests": [
            {
              "title": "should unlock the customer file again",
              "fullTitle": "Agent can unlock customer file again should unlock the customer file again",
              "timedOut": null,
              "duration": 6013,
              "state": "passed",
              "speed": "medium",
              "pass": true,
              "fail": false,
              "pending": false,
              "context": null,
              "code": "Server.Server();\n// Log in\nLogins.company();\nLogins.username2();\nLogins.password2();\nLogins.loginButton();\n// Search for Customer file\nLogins.email();\nBOAction.searchButton();\nBOAction.policySelectButton();\n// Unlock customer file\nBOAction.unlockBTN();",
              "err": {},
              "uuid": "79d9e618-6877-4e68-9781-c17661c2d694",
              "parentUUID": "fa1e8e2d-305f-4849-86ba-88471beb60ed",
              "isHook": false,
              "skipped": false
            }
          ],
          "suites": [],
          "passes": [
            "79d9e618-6877-4e68-9781-c17661c2d694"
          ],
          "failures": [],
          "pending": [],
          "skipped": [],
          "duration": 6013,
          "root": false,
          "rootEmpty": false,
          "_timeout": 2000
        }
      ],
      "passes": [],
      "failures": [],
      "pending": [],
      "skipped": [],
      "duration": 0,
      "root": true,
      "rootEmpty": true,
      "_timeout": 2000
    }
  ],
  "meta": {
    "mocha": {
      "version": "7.0.1"
    },
    "mochawesome": {
      "options": {
        "quiet": false,
        "reportFilename": "Aviva Automation results",
        "saveHtml": false,
        "saveJson": true,
        "consoleReporter": "spec",
        "useInlineDiffs": false,
        "code": true
      },
      "version": "7.1.3"
    },
    "marge": {
      "options": {
        "charts": true,
        "useInlineDiffs": true,
        "embeddedScreenshots": true,
        "videoOnFailOnly": true,
        "reportFilename": "Aviva Automation results",
        "overwrite": false,
        "html": false,
        "json": true,
        "reportDir": "cypress\\reports\\html\\.jsons"
      },
      "version": "6.2.0"
    }
  }
}