{
  "stats": {
    "suites": 1,
    "tests": 1,
    "passes": 1,
    "pending": 0,
    "failures": 0,
    "start": "2025-04-17T06:34:57.081Z",
    "end": "2025-04-17T06:36:00.456Z",
    "duration": 63375,
    "testsRegistered": 1,
    "passPercent": 100,
    "pendingPercent": 0,
    "other": 0,
    "hasOther": false,
    "skipped": 0,
    "hasSkipped": false
  },
  "results": [
    {
      "uuid": "23b08364-160e-47cf-80f9-373189fa9ad7",
      "title": "",
      "fullFile": "cypress\\integration\\aviva\\Tests\\Add7DriversAgent.cy.js",
      "file": "cypress\\integration\\aviva\\Tests\\Add7DriversAgent.cy.js",
      "beforeHooks": [],
      "afterHooks": [],
      "tests": [],
      "suites": [
        {
          "uuid": "e6a64eb1-f932-481d-a4af-5c3111074c62",
          "title": "Agent to add 7 drivers and check errors",
          "fullFile": "",
          "file": "",
          "beforeHooks": [],
          "afterHooks": [],
          "tests": [
            {
              "title": "should complete the process of adding 7 drivers and checking for errors",
              "fullTitle": "Agent to add 7 drivers and check errors should complete the process of adding 7 drivers and checking for errors",
              "timedOut": null,
              "duration": 61155,
              "state": "passed",
              "speed": "slow",
              "pass": true,
              "fail": false,
              "pending": false,
              "context": null,
              "code": "Server.Server();\n// Log in\nLogins.company();\nLogins.username();\nLogins.password();\nLogins.loginButton();\n// Revert new window that opens back to original window \nBOAction.agentQuote();\nBOAction.createNewQuoteBTN();\n// Accept cookies\nBOAction.cookiesAccept();\n// Complete section 1 \"About you\"\nAboutYouPage.aboutYouTitle();\nBOAction.notes();\nAboutYouPage.proposerTitle();\nAboutYouPage.proposerForename();\nAboutYouPage.proposerSurname();\nAboutYouPage.proposerEmail();\nAboutYouPage.phone();\nAboutYouPage.aboutYouContinue();\n// Complete section 2 \"Personal details\"\nPersonalDetailsPage.personalDetailsTitle();\nPersonalDetailsPage.addressInput();\nPersonalDetailsPage.addressSuggest();\nPersonalDetailsPage.addressSelect();\nPersonalDetailsPage.addressConfirm();\nPersonalDetailsPage.proposerDOB();\nPersonalDetailsPage.proposerEmployStatus();\nPersonalDetailsPage.licenceType();\nPersonalDetailsPage.licenceYears();\nPersonalDetailsPage.personlaDetailsContinue();\n// Complete section 3 \"Insurance details\"\nInsuranceDetailsPage.insuranceDetailsTitle();\nBOAction.notes();\nInsuranceDetailsPage.drivingExp();\nInsuranceDetailsPage.drivingExpYears();\nInsuranceDetailsPage.carUse();\nInsuranceDetailsPage.insuranceDetailsContinue();\n// Complete section 4 \"Car details\"\nCarDetailsPage.carDetailsTitle();\nBOAction.notes();\nCarDetailsPage.carRegYes();\nCarDetailsPage.carRegInput();\nCarDetailsPage.findCarBTN();\nCarDetailsPage.confirmCarBTN();\nCarDetailsPage.carValueInput();\nCarDetailsPage.carModifiedFalse();\nCarDetailsPage.carDetailsContinue();\n// Complete section 5 \"Additional drivers\"\nAdditionalDriversPage.additionalDriversHeading();\nBOAction.notes();\nAdditionalDriversPage.additionalDriversTrue();\nAdditionalDriversPage.additionalDriver1Title();\nAdditionalDriversPage.additionalDriver1Forename();\nAdditionalDriversPage.additionalDriver1Surname();\nAdditionalDriversPage.additionalDriver1DOB();\nAdditionalDriversPage.additionalDriver1EmploymentStatus();\nAdditionalDriversPage.additionalDriver1LicenceType();\nAdditionalDriversPage.additionalDriver1LicenceYears();\nAdditionalDriversPage.additionalDriver1Relationship();\nAdditionalDriversPage.additionalDriver1SpouseOwnVehFalse();\nAdditionalDriversPage.additionalDriver1Save();\nAdditionalDriversPage.additionalDriver2();\nAdditionalDriversPage.additionalDriver3();\nAdditionalDriversPage.additionalDriver4();\nAdditionalDriversPage.additionalDriver5();\nAdditionalDriversPage.additionalDriver6();\nAdditionalDriversPage.additionalDriver7();\nAdditionalDriversPage.additionalDriversContinue();\n// Complete section 6 \"Your claims\"\nAdditionalDriversPage.additionalDriverAddedHeading1();",
              "err": {},
              "uuid": "92b78fbe-d7a0-482a-af58-169dd62ef726",
              "parentUUID": "e6a64eb1-f932-481d-a4af-5c3111074c62",
              "isHook": false,
              "skipped": false
            }
          ],
          "suites": [],
          "passes": [
            "92b78fbe-d7a0-482a-af58-169dd62ef726"
          ],
          "failures": [],
          "pending": [],
          "skipped": [],
          "duration": 61155,
          "root": false,
          "rootEmpty": false,
          "_timeout": 2000
        }
      ],
      "passes": [],
      "failures": [],
      "pending": [],
      "skipped": [],
      "duration": 0,
      "root": true,
      "rootEmpty": true,
      "_timeout": 2000
    }
  ],
  "meta": {
    "mocha": {
      "version": "7.0.1"
    },
    "mochawesome": {
      "options": {
        "quiet": false,
        "reportFilename": "Aviva Automation results",
        "saveHtml": false,
        "saveJson": true,
        "consoleReporter": "spec",
        "useInlineDiffs": false,
        "code": true
      },
      "version": "7.1.3"
    },
    "marge": {
      "options": {
        "charts": true,
        "useInlineDiffs": true,
        "embeddedScreenshots": true,
        "videoOnFailOnly": true,
        "reportFilename": "Aviva Automation results",
        "overwrite": false,
        "html": false,
        "json": true,
        "reportDir": "cypress\\reports\\html\\.jsons"
      },
      "version": "6.2.0"
    }
  }
}