{
  "stats": {
    "suites": 1,
    "tests": 1,
    "passes": 1,
    "pending": 0,
    "failures": 0,
    "start": "2025-07-24T11:06:35.852Z",
    "end": "2025-07-24T11:06:45.425Z",
    "duration": 9573,
    "testsRegistered": 1,
    "passPercent": 100,
    "pendingPercent": 0,
    "other": 0,
    "hasOther": false,
    "skipped": 0,
    "hasSkipped": false
  },
  "results": [
    {
      "uuid": "034894e9-a6c6-4168-a429-815d9e734b14",
      "title": "",
      "fullFile": "cypress\\integration\\aviva\\Tests\\027AgentUnlock1.cy.js",
      "file": "cypress\\integration\\aviva\\Tests\\027AgentUnlock1.cy.js",
      "beforeHooks": [],
      "afterHooks": [],
      "tests": [],
      "suites": [
        {
          "uuid": "fdc8521a-554b-4d3d-a449-9c6ff67e9acc",
          "title": "Agent can unlock customer file again",
          "fullFile": "",
          "file": "",
          "beforeHooks": [],
          "afterHooks": [],
          "tests": [
            {
              "title": "should unlock the customer file again",
              "fullTitle": "Agent can unlock customer file again should unlock the customer file again",
              "timedOut": null,
              "duration": 7662,
              "state": "passed",
              "speed": "medium",
              "pass": true,
              "fail": false,
              "pending": false,
              "context": null,
              "code": "Server.Server();\n// Log in\nLogins.company();\nLogins.username();\nLogins.password();\nLogins.loginButton();\n// Search for Customer file\nLogins.email();\nBOAction.searchButton();\nBOAction.policySelectButton();\n// Unlock customer file\nBOAction.unlockBTN();",
              "err": {},
              "uuid": "a55b44d6-9149-4517-ad62-9e2bd6ea7e31",
              "parentUUID": "fdc8521a-554b-4d3d-a449-9c6ff67e9acc",
              "isHook": false,
              "skipped": false
            }
          ],
          "suites": [],
          "passes": [
            "a55b44d6-9149-4517-ad62-9e2bd6ea7e31"
          ],
          "failures": [],
          "pending": [],
          "skipped": [],
          "duration": 7662,
          "root": false,
          "rootEmpty": false,
          "_timeout": 2000
        }
      ],
      "passes": [],
      "failures": [],
      "pending": [],
      "skipped": [],
      "duration": 0,
      "root": true,
      "rootEmpty": true,
      "_timeout": 2000
    }
  ],
  "meta": {
    "mocha": {
      "version": "7.2.0"
    },
    "mochawesome": {
      "options": {
        "quiet": false,
        "reportFilename": "Aviva Automation results",
        "saveHtml": false,
        "saveJson": true,
        "consoleReporter": "spec",
        "useInlineDiffs": false,
        "code": true
      },
      "version": "7.1.3"
    },
    "marge": {
      "options": {
        "charts": true,
        "useInlineDiffs": true,
        "embeddedScreenshots": true,
        "videoOnFailOnly": true,
        "reportFilename": "Aviva Automation results",
        "overwrite": false,
        "html": false,
        "json": true,
        "reportDir": "cypress\\reports\\html\\.jsons"
      },
      "version": "6.2.0"
    }
  }
}