{
  "stats": {
    "suites": 1,
    "tests": 1,
    "passes": 0,
    "pending": 0,
    "failures": 1,
    "start": "2025-04-17T13:14:52.205Z",
    "end": "2025-04-17T13:16:26.979Z",
    "duration": 94774,
    "testsRegistered": 1,
    "passPercent": 0,
    "pendingPercent": 0,
    "other": 0,
    "hasOther": false,
    "skipped": 0,
    "hasSkipped": false
  },
  "results": [
    {
      "uuid": "0a3e5296-2281-4d6d-a1c3-18431d087314",
      "title": "",
      "fullFile": "cypress\\integration\\aviva\\Tests\\ParagonQueueNYY.cy.js",
      "file": "cypress\\integration\\aviva\\Tests\\ParagonQueueNYY.cy.js",
      "beforeHooks": [],
      "afterHooks": [],
      "tests": [],
      "suites": [
        {
          "uuid": "9b0c001b-0655-443f-9394-f97e4efe8527",
          "title": "Policy Purchase with NYY",
          "fullFile": "",
          "file": "",
          "beforeHooks": [],
          "afterHooks": [],
          "tests": [
            {
              "title": "should complete the process of purchasing a policy with NYY preferences",
              "fullTitle": "Policy Purchase with NYY should complete the process of purchasing a policy with NYY preferences",
              "timedOut": null,
              "duration": 46277,
              "state": "failed",
              "speed": null,
              "pass": false,
              "fail": true,
              "pending": false,
              "context": "{\n  \"title\": \"cypress-mochawesome-reporter-screenshots\",\n  \"value\": [\n    [\n      \"\\\\ParagonQueueNYY.cy.js\\\\Policy Purchase with NYY -- should complete the process of purchasing a policy with NYY preferences (failed).png\"\n    ],\n    [\n      \"\\\\ParagonQueueNYY.cy.js\\\\Policy Purchase with NYY -- should complete the process of purchasing a policy with NYY preferences (failed) (attempt 2).png\"\n    ]\n  ]\n}",
              "code": "Server.Server();\n// Log in\nLogins.company();\nLogins.username();\nLogins.password();\nLogins.loginButton();\n// Revert new window that opens back to original window \ncy.getAndWait('#ctl00_ContentPlaceHolder1_ProductList').select(1);\ncy.window().then(win => {\n  const orig = win.open;\n  win.open = function (url, targetAndWait, features) {\n    return orig.call(this, url, '_self', features);\n  };\n});\nBOAction.createNewQuoteBTN();\n// Accept cookies\nBOAction.cookiesAccept();\n// Complete section 1 \"About you\"\nAboutYouPage.aboutYouTitle();\nBOAction.notes();\nAboutYouPage.proposerTitle();\nAboutYouPage.proposerForename();\nAboutYouPage.proposerSurname();\nAboutYouPage.proposerEmail();\nAboutYouPage.phone();\nAboutYouPage.aboutYouContinue();\n// Complete section 2 \"Personal details\"\nPersonalDetailsPage.personalDetailsTitle();\nPersonalDetailsPage.addressInput();\nPersonalDetailsPage.addressSuggest();\nPersonalDetailsPage.addressSelect();\nPersonalDetailsPage.addressConfirm();\nPersonalDetailsPage.proposerDOB();\nPersonalDetailsPage.proposerEmployStatus();\nPersonalDetailsPage.licenceType();\nPersonalDetailsPage.licenceYears();\nPersonalDetailsPage.personlaDetailsContinue();\n// Complete section 3 \"Insurance details\"\nInsuranceDetailsPage.insuranceDetailsTitle();\nBOAction.notes();\nInsuranceDetailsPage.drivingExp();\nInsuranceDetailsPage.drivingExpYears();\nInsuranceDetailsPage.carUse();\nInsuranceDetailsPage.insuranceDetailsContinue();\n// Complete section 4 \"Car details\"\nCarDetailsPage.carDetailsTitle();\nBOAction.notes();\nCarDetailsPage.carRegYes();\nCarDetailsPage.carRegInput();\nCarDetailsPage.findCarBTN();\nCarDetailsPage.confirmCarBTN();\nCarDetailsPage.carValueInput();\nCarDetailsPage.carModifiedFalse();\nCarDetailsPage.carDetailsContinue();\n// Complete section 5 \"Additional drivers\"\nAdditionalDriversPage.additionalDriversHeading();\nBOAction.notes();\nAdditionalDriversPage.additionalDriversFalse();\nAdditionalDriversPage.additionalDriversContinue();\n// Complete section 6 \"Your claims\"\nBOAction.notes();\nYourClaimsPage.claimsHeading();\nYourClaimsPage.claimsFalse1st();\nYourClaimsPage.claimsContinue();\n// Complete section 7 \"Penalty points\"\nPenaltyPointsPage.ppHeading();\nBOAction.notes();\nPenaltyPointsPage.ppFalse1st();\nPenaltyPointsPage.ppContinue();\n// Complete section 8 \"Cover start date\"\nCoverStartDatePage.coverStartHeading();\nBOAction.notes();\nCoverStartDatePage.coverStartDate();\nCoverStartDatePage.coverStartHaveHomeIns();\nCoverStartDatePage.coverStartHaveCarIns();\nCoverStartDatePage.coverStartMarketing();\nCoverStartDatePage.coverStartContinue();\n// Quote screen - Buy now \nQuotePageAndExtras.quotePageHeading();\nBOAction.notes();\nQuotePageAndExtras.buyNowBtn();\n// Complete post quote 1 \"About you car\"\nAboutYourCarPage.postQuote1Heading();\nBOAction.notes();\nAboutYourCarPage.postQuote1OwnCar();\nAboutYourCarPage.postQuote1PrivateIns();\nAboutYourCarPage.postQuote1Continue();\n// Complete post quote 2 \"About the drivers\"\nAboutTheDriversPage.postQuote2Heading();\nBOAction.notes();\nAboutTheDriversPage.postQuote2IsResidentTrue();\nAboutTheDriversPage.postQuote2IsMainDriverTrue();\nAboutTheDriversPage.postQuote2IsNotOtherCarTrue();\nAboutTheDriversPage.postQuote2IsNotOtherInsTrue();\nAboutTheDriversPage.postQuote2IsNoConvictionTrue();\nAboutTheDriversPage.postQuote2IsNoDisqualificationTrue();\nAboutTheDriversPage.postQuote2IsNoRefusalTrue();\nAboutTheDriversPage.postQuote2IsNoIncreaseTrue();\nAboutTheDriversPage.postQuote2IsNoMedicalTrue();\nAboutTheDriversPage.postQuote2DriverNumber();\nAboutTheDriversPage.postQuote2Continue();\n// Complete post quote 3 \"Your insurance history and inception details\"\nYourInsHistoryAndIncepDetsPage.postQuote3Heading();\nBOAction.notes();\nYourInsHistoryAndIncepDetsPage.postQuote3NCDROITrue();\nYourInsHistoryAndIncepDetsPage.postQuote3NoOtherNCDTrue();\nYourInsHistoryAndIncepDetsPage.postQuote3WithinExpiryTrue();\nYourInsHistoryAndIncepDetsPage.postQuote3IsMyAvivaFalse();\nYourInsHistoryAndIncepDetsPage.postQuote3PostCert();\nYourInsHistoryAndIncepDetsPage.postQuote3PostDocs();\nYourInsHistoryAndIncepDetsPage.postQuote3Continue();\n// Payment type screen - selecting \"No payment required\"\nBOAction.notes();\nPaymentTypesPage.paymentTypeAgentNoPay();\nPaymentTypesPage.paymentTypeAgentNoPayContinue();\n// Diary & correspondence page \nDiaryAndCorrespondencePage.diaryCorrespondenceHeading();\nBOAction.notes();\nDiaryAndCorrespondencePage.diaryCorrespondenceContinue();\n// Thank you page\nThankYouPage.thankyouHeading();\nBOAction.notes();\nThankYouPage.retreiveParagonPolicyNumber1();\n// Check B/O preferences match Y/N/N\nServer.Server();\nBOAction.home();\nLogins.email();\nBOAction.searchButton();\nBOAction.policySelectButton();\n// Select policy and Documents \nBOAction.livePoliciesBTN();\nBOAction.selectActionDocumentsWithParagonPolicyNumber1();\ncy.getAndWait('#ctl00_ContentPlaceHolder1_btnCorrespondence').click();\ncy.getAndWait('#ctl00_ContentPlaceHolder1_rblDocsByPortal_1').should('have.value', 'False');\ncy.getAndWait('#ctl00_ContentPlaceHolder1_rblCertByPost_0').should('have.value', 'True');\ncy.getAndWait('#ctl00_ContentPlaceHolder1_rblDocsByPost_0').should('have.value', 'True');\ncy.getAndWait('#CorrespondenceModal > .modal-dialog > .modal-content > .modal-footer > .btn').click();\ncy.wait(60000);\ncy.getAndWait('#ctl00_ContentPlaceHolder1_btnViewPrinterQueue').click();\ncy.getAndWait('tbody > :nth-child(3) > :nth-child(3)').contains('Schedule');\ncy.getAndWait('tbody > :nth-child(3) > :nth-child(3)').contains('Statement Of Fact');\ncy.getAndWait('tbody > :nth-child(3) > :nth-child(3)').contains('Welcome Letter Temp Cover');\n// Completing Diary chaser to move policy to full cover\ncy.getAndWait(':nth-child(1) > .level1').click();\nLogins.email();\nBOAction.searchButton();\nBOAction.policySelectButton();\n// Select policy and Documents \nBOAction.livePoliciesBTN();\nBOAction.selectActionDiaryWithParagonPolicyNumber1();\ncy.getAndWait(':nth-child(7) > .btn > span').click();\ncy.getAndWait('#ctl00_ContentPlaceHolder1_DocumentGrid_ctl02_IsReceived').click();\ncy.getAndWait(':nth-child(2) > :nth-child(6)').should('not.have.text', '');",
              "err": {
                "message": "AssertionError: Timed out retrying after 40000ms: Expected to find element: `#div1`, but never found it.",
                "estack": "AssertionError: Timed out retrying after 40000ms: Expected to find element: `#div1`, but never found it.\n    at exists (https://testaviva4e2e.dotsys.co.uk/__cypress/runner/cypress_runner.js:144765:26)\n    at elExists (https://testaviva4e2e.dotsys.co.uk/__cypress/runner/cypress_runner.js:144780:10)\n    at ensureExistence (https://testaviva4e2e.dotsys.co.uk/__cypress/runner/cypress_runner.js:144961:22)\n    at onFailFn (https://testaviva4e2e.dotsys.co.uk/__cypress/runner/cypress_runner.js:144990:53)\n    at tryCatcher (https://testaviva4e2e.dotsys.co.uk/__cypress/runner/cypress_runner.js:1777:23)\n    at Promise._settlePromiseFromHandler (https://testaviva4e2e.dotsys.co.uk/__cypress/runner/cypress_runner.js:1489:31)\n    at Promise._settlePromise (https://testaviva4e2e.dotsys.co.uk/__cypress/runner/cypress_runner.js:1546:18)\n    at Promise._settlePromise0 (https://testaviva4e2e.dotsys.co.uk/__cypress/runner/cypress_runner.js:1591:10)\n    at Promise._settlePromises (https://testaviva4e2e.dotsys.co.uk/__cypress/runner/cypress_runner.js:1667:18)\n    at _drainQueueStep (https://testaviva4e2e.dotsys.co.uk/__cypress/runner/cypress_runner.js:2377:12)\n    at _drainQueue (https://testaviva4e2e.dotsys.co.uk/__cypress/runner/cypress_runner.js:2370:9)\n    at Async._drainQueues (https://testaviva4e2e.dotsys.co.uk/__cypress/runner/cypress_runner.js:2386:5)\n    at Async.drainQueues (https://testaviva4e2e.dotsys.co.uk/__cypress/runner/cypress_runner.js:2256:14)",
                "diff": null
              },
              "uuid": "11265afe-9af4-43a3-a4d9-8fff31022167",
              "parentUUID": "9b0c001b-0655-443f-9394-f97e4efe8527",
              "isHook": false,
              "skipped": false
            }
          ],
          "suites": [],
          "passes": [],
          "failures": [
            "11265afe-9af4-43a3-a4d9-8fff31022167"
          ],
          "pending": [],
          "skipped": [],
          "duration": 46277,
          "root": false,
          "rootEmpty": false,
          "_timeout": 2000
        }
      ],
      "passes": [],
      "failures": [],
      "pending": [],
      "skipped": [],
      "duration": 0,
      "root": true,
      "rootEmpty": true,
      "_timeout": 2000
    }
  ],
  "meta": {
    "mocha": {
      "version": "7.0.1"
    },
    "mochawesome": {
      "options": {
        "quiet": false,
        "reportFilename": "Aviva Automation results",
        "saveHtml": false,
        "saveJson": true,
        "consoleReporter": "spec",
        "useInlineDiffs": false,
        "code": true
      },
      "version": "7.1.3"
    },
    "marge": {
      "options": {
        "charts": true,
        "useInlineDiffs": true,
        "embeddedScreenshots": true,
        "videoOnFailOnly": true,
        "reportFilename": "Aviva Automation results",
        "overwrite": false,
        "html": false,
        "json": true,
        "reportDir": "cypress\\reports\\html\\.jsons"
      },
      "version": "6.2.0"
    }
  }
}