{
  "stats": {
    "suites": 1,
    "tests": 1,
    "passes": 0,
    "pending": 0,
    "failures": 1,
    "start": "2025-05-14T08:57:46.718Z",
    "end": "2025-05-14T08:58:43.108Z",
    "duration": 56390,
    "testsRegistered": 1,
    "passPercent": 0,
    "pendingPercent": 0,
    "other": 0,
    "hasOther": false,
    "skipped": 0,
    "hasSkipped": false
  },
  "results": [
    {
      "uuid": "c55befcb-21ff-4709-a401-771902d28412",
      "title": "",
      "fullFile": "cypress\\integration\\aviva\\Tests\\AgentMTADriverNumber.cy.js",
      "file": "cypress\\integration\\aviva\\Tests\\AgentMTADriverNumber.cy.js",
      "beforeHooks": [],
      "afterHooks": [],
      "tests": [],
      "suites": [
        {
          "uuid": "ebb49191-c715-402d-a400-ddda0a8aee2f",
          "title": "Agent can change the driver number",
          "fullFile": "",
          "file": "",
          "beforeHooks": [],
          "afterHooks": [],
          "tests": [
            {
              "title": "should complete the process of changing the driver number",
              "fullTitle": "Agent can change the driver number should complete the process of changing the driver number",
              "timedOut": null,
              "duration": 20101,
              "state": "failed",
              "speed": null,
              "pass": false,
              "fail": true,
              "pending": false,
              "context": "{\n  \"title\": \"cypress-mochawesome-reporter-screenshots\",\n  \"value\": [\n    [\n      \"\\\\AgentMTADriverNumber.cy.js\\\\Agent can change the driver number -- should complete the process of changing the driver number (failed).png\"\n    ],\n    [\n      \"\\\\AgentMTADriverNumber.cy.js\\\\Agent can change the driver number -- should complete the process of changing the driver number (failed) (attempt 2).png\"\n    ]\n  ]\n}",
              "code": "Server.Server();\n// Log in\nLogins.company();\nLogins.username();\nLogins.password();\nLogins.loginButton();\n// Search for Customer file\nLogins.email();\nBOAction.searchButton();\nBOAction.policySelectButton();\n// Open policy\ncy.get('#accordion > :nth-child(2) > :nth-child(1) > .panel-title > .accordion-toggle > :nth-child(1)').click({\n  force: true\n});\nBOAction.selectActionMakeADJWithPolicyNumber();\n// Select to perform a permanent adjustment on contact details\nBOAction.cookiesAccept();\ncy.get('#ctl00_MainContent_ddlPermaSelection').select('Contacts', {\n  force: true\n}).should('have.value', 'Contacts');\ncy.get('#btnMakePermaChange').click({\n  force: true\n});\n// Input date for MTA to start\ncy.get('#ctl00_MainContent_Continue1').click({\n  force: true\n});\ncy.get('#ctl00_MainContent_StartDate').type(day().add(3, 'day').format('DD/MM/YYYY'), {\n  force: true\n});\ncy.get('#ctl00_MainContent_Continue8').click({\n  force: true\n});\n// Checking the heading, Note box present \ncy.get('#ctl00_MainContent_NoPaymentPerma > .a-heading').contains('No payment required');\ncy.get('#ctl00_divNotes > .a-button').should('be.visible');\ncy.get('#ctl00_MainContent_btnContinue').click({\n  force: true\n});\n// Completing post quote screen 2 questions and amending Driver number\nAboutTheDriversPage.postQuote2Headingselect();\nAboutTheDriversPage.postQuote2Heading();\nBOAction.notes();\nAboutTheDriversPage.postQuote2IsResidentTrue();\nAboutTheDriversPage.postQuote2IsMainDriverTrue();\nAboutTheDriversPage.postQuote2IsNotOtherCarTrue();\nAboutTheDriversPage.postQuote2IsNotOtherInsTrue();\nAboutTheDriversPage.postQuote2IsNoConvictionTrue();\nAboutTheDriversPage.postQuote2IsNoDisqualificationTrue();\nAboutTheDriversPage.postQuote2IsNoRefusalTrue();\nAboutTheDriversPage.postQuote2IsNoIncreaseTrue();\nAboutTheDriversPage.postQuote2IsNoMedicalTrue();\ncy.get('#ctl00_MainContent_DriverRepeater_ctl00_DriverNum').type('121212112', {\n  force: true\n});\nAboutTheDriversPage.postQuote2Continue();\n// Completing post quote screen 3 \nYourInsHistoryAndIncepDetsPage.postQuote3Continue();\n// Thank you page\nThankYouPage.thankyouHeading();\ncy.get('#ctl00_divNotes > .a-button').should('be.visible');",
              "err": {
                "message": "AssertionError: Timed out retrying after 10000ms: Expected to find element: `#ctl00_MainContent_Continue1`, but never found it.",
                "estack": "AssertionError: Timed out retrying after 10000ms: Expected to find element: `#ctl00_MainContent_Continue1`, but never found it.\n    at Context.eval (webpack://avivaproject/./cypress/integration/aviva/Tests/AgentMTADriverNumber.cy.js:48:11)",
                "diff": null
              },
              "uuid": "53c52dd9-bef3-44d2-9c9a-425883ea57b2",
              "parentUUID": "ebb49191-c715-402d-a400-ddda0a8aee2f",
              "isHook": false,
              "skipped": false
            }
          ],
          "suites": [],
          "passes": [],
          "failures": [
            "53c52dd9-bef3-44d2-9c9a-425883ea57b2"
          ],
          "pending": [],
          "skipped": [],
          "duration": 20101,
          "root": false,
          "rootEmpty": false,
          "_timeout": 2000
        }
      ],
      "passes": [],
      "failures": [],
      "pending": [],
      "skipped": [],
      "duration": 0,
      "root": true,
      "rootEmpty": true,
      "_timeout": 2000
    }
  ],
  "meta": {
    "mocha": {
      "version": "7.0.1"
    },
    "mochawesome": {
      "options": {
        "quiet": false,
        "reportFilename": "Aviva Automation results",
        "saveHtml": false,
        "saveJson": true,
        "consoleReporter": "spec",
        "useInlineDiffs": false,
        "code": true
      },
      "version": "7.1.3"
    },
    "marge": {
      "options": {
        "charts": true,
        "useInlineDiffs": true,
        "embeddedScreenshots": true,
        "videoOnFailOnly": true,
        "reportFilename": "Aviva Automation results",
        "overwrite": false,
        "html": false,
        "json": true,
        "reportDir": "cypress\\reports\\html\\.jsons"
      },
      "version": "6.2.0"
    }
  }
}