{
  "stats": {
    "suites": 1,
    "tests": 1,
    "passes": 1,
    "pending": 0,
    "failures": 0,
    "start": "2025-04-18T17:39:23.001Z",
    "end": "2025-04-18T17:39:32.084Z",
    "duration": 9083,
    "testsRegistered": 1,
    "passPercent": 100,
    "pendingPercent": 0,
    "other": 0,
    "hasOther": false,
    "skipped": 0,
    "hasSkipped": false
  },
  "results": [
    {
      "uuid": "b3052955-c3b4-46e5-920a-52a6ec34eaee",
      "title": "",
      "fullFile": "cypress\\integration\\aviva\\Tests\\AgentUnlock.cy.js",
      "file": "cypress\\integration\\aviva\\Tests\\AgentUnlock.cy.js",
      "beforeHooks": [],
      "afterHooks": [],
      "tests": [],
      "suites": [
        {
          "uuid": "82152d51-75da-4252-85ca-a695a01d93a9",
          "title": "Agent can unlock customer file",
          "fullFile": "",
          "file": "",
          "beforeHooks": [],
          "afterHooks": [],
          "tests": [
            {
              "title": "should unlock the customer file",
              "fullTitle": "Agent can unlock customer file should unlock the customer file",
              "timedOut": null,
              "duration": 7335,
              "state": "passed",
              "speed": "medium",
              "pass": true,
              "fail": false,
              "pending": false,
              "context": null,
              "code": "Server.Server();\n// Log in\nLogins.company();\nLogins.username();\nLogins.password();\nLogins.loginButton();\n// Search for Customer file\nLogins.email();\nBOAction.searchButton();\nBOAction.policySelectButton();\n// Unlock customer file\nBOAction.unlockBTN();",
              "err": {},
              "uuid": "a964ef28-681c-4db1-bb99-f8285595d7d1",
              "parentUUID": "82152d51-75da-4252-85ca-a695a01d93a9",
              "isHook": false,
              "skipped": false
            }
          ],
          "suites": [],
          "passes": [
            "a964ef28-681c-4db1-bb99-f8285595d7d1"
          ],
          "failures": [],
          "pending": [],
          "skipped": [],
          "duration": 7335,
          "root": false,
          "rootEmpty": false,
          "_timeout": 2000
        }
      ],
      "passes": [],
      "failures": [],
      "pending": [],
      "skipped": [],
      "duration": 0,
      "root": true,
      "rootEmpty": true,
      "_timeout": 2000
    }
  ],
  "meta": {
    "mocha": {
      "version": "7.0.1"
    },
    "mochawesome": {
      "options": {
        "quiet": false,
        "reportFilename": "Aviva Automation results",
        "saveHtml": false,
        "saveJson": true,
        "consoleReporter": "spec",
        "useInlineDiffs": false,
        "code": true
      },
      "version": "7.1.3"
    },
    "marge": {
      "options": {
        "charts": true,
        "useInlineDiffs": true,
        "embeddedScreenshots": true,
        "videoOnFailOnly": true,
        "reportFilename": "Aviva Automation results",
        "overwrite": false,
        "html": false,
        "json": true,
        "reportDir": "cypress\\reports\\html\\.jsons"
      },
      "version": "6.2.0"
    }
  }
}