{
  "stats": {
    "suites": 1,
    "tests": 1,
    "passes": 1,
    "pending": 0,
    "failures": 0,
    "start": "2025-04-16T11:35:17.691Z",
    "end": "2025-04-16T11:35:30.085Z",
    "duration": 12394,
    "testsRegistered": 1,
    "passPercent": 100,
    "pendingPercent": 0,
    "other": 0,
    "hasOther": false,
    "skipped": 0,
    "hasSkipped": false
  },
  "results": [
    {
      "uuid": "2a4d1c91-b53e-4340-aec9-61d72ca3b34c",
      "title": "",
      "fullFile": "cypress\\integration\\aviva\\Tests\\CustDocUpload.cy.js",
      "file": "cypress\\integration\\aviva\\Tests\\CustDocUpload.cy.js",
      "beforeHooks": [],
      "afterHooks": [],
      "tests": [],
      "suites": [
        {
          "uuid": "954051be-0634-43ef-981b-2b9b7066eaf1",
          "title": "Customer can upload a document",
          "fullFile": "",
          "file": "",
          "beforeHooks": [],
          "afterHooks": [],
          "tests": [
            {
              "title": "should upload a document successfully",
              "fullTitle": "Customer can upload a document should upload a document successfully",
              "timedOut": null,
              "duration": 10693,
              "state": "passed",
              "speed": "slow",
              "pass": true,
              "fail": false,
              "pending": false,
              "context": null,
              "code": "Server.Server1();\nBOAction.cookiesAccept();\ncy.getAndWait('[class^=\"a-heading a-heading--1 u-margin--top-none\"]').contains('Log in to MyAviva').and('be.visible');\nLogins.loginEmail();\nLogins.loginPassword();\nLogins.loginPortalButton();\nPortalAction.portalManagePolicyWithPolicyNumber();\ncy.getAndWait('#Main_btnUploadDocuments').click();\ncy.getAndWait('#Main_ddlDocumentUpload').select(1);\ncy.getAndWait('.a-file-upload__label').click();\ncy.get('input[type=\"file\"]').selectFile(\"C:/Aviva/AvivaCypress/cypress/support/Example.jpg\", {\n  force: true\n});\ncy.getAndWait('#Main_btnUpload').click();\ncy.getAndWait('#Main_divSuccessMessage > .l-columns > .l-columns__column > .m-card > .m-card-content > .m-heading-group__item').contains('Upload successful');",
              "err": {},
              "uuid": "cc535507-777b-49e8-872e-437566eb352f",
              "parentUUID": "954051be-0634-43ef-981b-2b9b7066eaf1",
              "isHook": false,
              "skipped": false
            }
          ],
          "suites": [],
          "passes": [
            "cc535507-777b-49e8-872e-437566eb352f"
          ],
          "failures": [],
          "pending": [],
          "skipped": [],
          "duration": 10693,
          "root": false,
          "rootEmpty": false,
          "_timeout": 2000
        }
      ],
      "passes": [],
      "failures": [],
      "pending": [],
      "skipped": [],
      "duration": 0,
      "root": true,
      "rootEmpty": true,
      "_timeout": 2000
    }
  ],
  "meta": {
    "mocha": {
      "version": "7.0.1"
    },
    "mochawesome": {
      "options": {
        "quiet": false,
        "reportFilename": "Aviva Automation results",
        "saveHtml": false,
        "saveJson": true,
        "consoleReporter": "spec",
        "useInlineDiffs": false,
        "code": true
      },
      "version": "7.1.3"
    },
    "marge": {
      "options": {
        "charts": true,
        "useInlineDiffs": true,
        "embeddedScreenshots": true,
        "videoOnFailOnly": true,
        "reportFilename": "Aviva Automation results",
        "overwrite": false,
        "html": false,
        "json": true,
        "reportDir": "cypress\\reports\\html\\.jsons"
      },
      "version": "6.2.0"
    }
  }
}