{
  "stats": {
    "suites": 1,
    "tests": 1,
    "passes": 1,
    "pending": 0,
    "failures": 0,
    "start": "2025-07-24T11:15:23.491Z",
    "end": "2025-07-24T11:15:48.304Z",
    "duration": 24813,
    "testsRegistered": 1,
    "passPercent": 100,
    "pendingPercent": 0,
    "other": 0,
    "hasOther": false,
    "skipped": 0,
    "hasSkipped": false
  },
  "results": [
    {
      "uuid": "d05f5728-bad9-4128-9c27-c80e1c7caaa3",
      "title": "",
      "fullFile": "cypress\\integration\\aviva\\Tests\\035ParagonQueueCheck.cy.js",
      "file": "cypress\\integration\\aviva\\Tests\\035ParagonQueueCheck.cy.js",
      "beforeHooks": [],
      "afterHooks": [],
      "tests": [],
      "suites": [
        {
          "uuid": "d5dab0b4-b40f-4159-9d9a-7655306330ac",
          "title": "Check Paragon Queue for correct documents",
          "fullFile": "",
          "file": "",
          "beforeHooks": [],
          "afterHooks": [],
          "tests": [
            {
              "title": "should verify the correct documents in the Paragon Queue",
              "fullTitle": "Check Paragon Queue for correct documents should verify the correct documents in the Paragon Queue",
              "timedOut": null,
              "duration": 23021,
              "state": "passed",
              "speed": "slow",
              "pass": true,
              "fail": false,
              "pending": false,
              "context": null,
              "code": "Server.Server();\n// Log in\nLogins.company();\nLogins.username();\nLogins.password();\nLogins.loginButton();\n// Search for Customer file first policy\nLogins.email();\nBOAction.searchButton();\nBOAction.policySelectButton();\nBOAction.livePoliciesBTN();\n// Select Documents and revert window back to current window\nBOAction.selectActionDocumentsWithParagonPolicyNumber1();\n// NYY 0\ncy.getAndWait('#ctl00_ContentPlaceHolder1_btnViewPrinterQueue').click();\n//cy.getAndWait('tbody > :nth-child(3) > :nth-child(3)').contains('Welcome Letter Temp Cover')\ncy.getAndWait('tbody > :nth-child(3) > :nth-child(3)').contains('Certificate');\ncy.getAndWait('tbody > :nth-child(3) > :nth-child(3)').contains('Schedule');\ncy.getAndWait('tbody > :nth-child(3) > :nth-child(3)').contains('Statement Of Fact');\ncy.getAndWait('tbody > :nth-child(3) > :nth-child(3)').contains('Welcome Letter');\ncy.getAndWait(':nth-child(1) > .level1').click();\n// Search for Customer file for second policy\ncy.go(-3);\nBOAction.livePoliciesBTN();\nBOAction.selectActionDocumentsWithParagonPolicyNumber2();\n// NNY 1\ncy.getAndWait('#ctl00_ContentPlaceHolder1_btnViewPrinterQueue').click();\n//cy.getAndWait('tbody > :nth-child(3) > :nth-child(3)').contains('Welcome Letter Temp Cover')\ncy.getAndWait('tbody > :nth-child(3) > :nth-child(3)').contains('Welcome Letter');\ncy.getAndWait('tbody > :nth-child(3) > :nth-child(3)').contains('Schedule');\ncy.getAndWait(':nth-child(1) > .level1').click();\n// Search for Customer file for third policy\ncy.go(-3);\nBOAction.livePoliciesBTN();\nBOAction.selectActionDocumentsWithParagonPolicyNumber3();\n// NYN 2\ncy.getAndWait('#ctl00_ContentPlaceHolder1_btnViewPrinterQueue').click();\ncy.getAndWait('tbody > :nth-child(3) > :nth-child(3)').contains('Certificate');\ncy.getAndWait('tbody > :nth-child(3) > :nth-child(3)').contains('Welcome Letter');\ncy.getAndWait(':nth-child(1) > .level1').click();\ncy.go(-3);\nBOAction.livePoliciesBTN();\nBOAction.selectActionDocumentsWithTempPackPolicyNumber();\ncy.getAndWait('tbody > :nth-child(3) > :nth-child(4)').contains('Welcome Letter Temp Cover');\ncy.getAndWait('tbody > :nth-child(3) > :nth-child(4)').contains('Welcome Email Temp Cover');\ncy.getAndWait('tbody > :nth-child(3) > :nth-child(4)').contains('Policy Schedule');\ncy.getAndWait('tbody > :nth-child(3) > :nth-child(4)').contains('Statement Of Fact');\ncy.getAndWait('tbody > :nth-child(3) > :nth-child(4)').contains('Certificate');\ncy.getAndWait('tbody > :nth-child(3) > :nth-child(4)').contains('Driving Experience Email');\ncy.getAndWait('tbody > :nth-child(3) > :nth-child(4)').contains('Quote Email');\ncy.getAndWait('#ctl00_ContentPlaceHolder1_btnViewPrinterQueue').click();\ncy.getAndWait('tbody > :nth-child(3) > :nth-child(3)').contains('Welcome Letter Temp Cover');\ncy.getAndWait('tbody > :nth-child(3) > :nth-child(3)').contains('Statement Of Fact');\ncy.getAndWait('tbody > :nth-child(3) > :nth-child(3)').contains('Receipt');\ncy.getAndWait('tbody > :nth-child(3) > :nth-child(3)').contains('Schedule');",
              "err": {},
              "uuid": "1f927c9b-171c-413a-b349-bcd2574dde3e",
              "parentUUID": "d5dab0b4-b40f-4159-9d9a-7655306330ac",
              "isHook": false,
              "skipped": false
            }
          ],
          "suites": [],
          "passes": [
            "1f927c9b-171c-413a-b349-bcd2574dde3e"
          ],
          "failures": [],
          "pending": [],
          "skipped": [],
          "duration": 23021,
          "root": false,
          "rootEmpty": false,
          "_timeout": 2000
        }
      ],
      "passes": [],
      "failures": [],
      "pending": [],
      "skipped": [],
      "duration": 0,
      "root": true,
      "rootEmpty": true,
      "_timeout": 2000
    }
  ],
  "meta": {
    "mocha": {
      "version": "7.2.0"
    },
    "mochawesome": {
      "options": {
        "quiet": false,
        "reportFilename": "Aviva Automation results",
        "saveHtml": false,
        "saveJson": true,
        "consoleReporter": "spec",
        "useInlineDiffs": false,
        "code": true
      },
      "version": "7.1.3"
    },
    "marge": {
      "options": {
        "charts": true,
        "useInlineDiffs": true,
        "embeddedScreenshots": true,
        "videoOnFailOnly": true,
        "reportFilename": "Aviva Automation results",
        "overwrite": false,
        "html": false,
        "json": true,
        "reportDir": "cypress\\reports\\html\\.jsons"
      },
      "version": "6.2.0"
    }
  }
}