{
  "stats": {
    "suites": 1,
    "tests": 3,
    "passes": 3,
    "pending": 0,
    "failures": 0,
    "start": "2025-07-24T11:05:02.839Z",
    "end": "2025-07-24T11:05:16.280Z",
    "duration": 13441,
    "testsRegistered": 3,
    "passPercent": 100,
    "pendingPercent": 0,
    "other": 0,
    "hasOther": false,
    "skipped": 0,
    "hasSkipped": false
  },
  "results": [
    {
      "uuid": "12ace97f-60fc-4305-905e-d370bbe25a52",
      "title": "",
      "fullFile": "cypress\\integration\\aviva\\Tests\\025PasswordReset.cy.js",
      "file": "cypress\\integration\\aviva\\Tests\\025PasswordReset.cy.js",
      "beforeHooks": [],
      "afterHooks": [],
      "tests": [],
      "suites": [
        {
          "uuid": "5672d20c-5d9b-4cca-9638-082c23213969",
          "title": "Password Reset Tests",
          "fullFile": "",
          "file": "",
          "beforeHooks": [],
          "afterHooks": [],
          "tests": [
            {
              "title": "User is on login page and resets password",
              "fullTitle": "Password Reset Tests User is on login page and resets password",
              "timedOut": null,
              "duration": 4271,
              "state": "passed",
              "speed": "fast",
              "pass": true,
              "fail": false,
              "pending": false,
              "context": null,
              "code": "Server.Server1();\nBOAction.cookiesAccept();\ncy.getAndWait('[class^=\"a-heading a-heading--1 u-margin--top-none\"]').contains('Log in to MyAviva').and('be.visible');\ncy.getAndWait('#Forgot_Pwd').click();\ncy.getAndWait('[class^=\"a-heading a-heading--1 a-heading--semibold topMargin15\"]').contains('Forgot password?');\nPortalAction.forgotEmail();\ncy.getAndWait('#Forgotten_Submit').click();\ncy.getAndWait('.m-form-row__validation-message').contains('Many thanks for your enquiry. If you have an account, password reset instructions will be sent to');",
              "err": {},
              "uuid": "21a88822-a5aa-442a-b42d-84636df203a5",
              "parentUUID": "5672d20c-5d9b-4cca-9638-082c23213969",
              "isHook": false,
              "skipped": false
            },
            {
              "title": "User is on login page and resets both email and password",
              "fullTitle": "Password Reset Tests User is on login page and resets both email and password",
              "timedOut": null,
              "duration": 4018,
              "state": "passed",
              "speed": "fast",
              "pass": true,
              "fail": false,
              "pending": false,
              "context": null,
              "code": "Server.Server1();\nBOAction.cookiesAccept();\ncy.getAndWait('[class^=\"a-heading a-heading--1 u-margin--top-none\"]').contains('Log in to MyAviva').and('be.visible');\ncy.getAndWait('#Forgot_both').click();\ncy.getAndWait('[class^=\"a-heading a-heading--1 a-heading--semibold topMargin15\"]').contains('Forgot email address & password?');\nPortalAction.forgotEmailPassPolicy();\nPortalAction.forgotEmailPassDOB();\ncy.getAndWait('#ContinueForgotBoth').click();\ncy.getAndWait('.m-form-row__validation-message').contains('Many thanks for your enquiry. If your account exists we will email password reset instructions shortly');",
              "err": {},
              "uuid": "2bacb0c3-822a-4dbb-a752-3fc8fc4057f3",
              "parentUUID": "5672d20c-5d9b-4cca-9638-082c23213969",
              "isHook": false,
              "skipped": false
            },
            {
              "title": "User is on login page and registers for MyAviva",
              "fullTitle": "Password Reset Tests User is on login page and registers for MyAviva",
              "timedOut": null,
              "duration": 3652,
              "state": "passed",
              "speed": "fast",
              "pass": true,
              "fail": false,
              "pending": false,
              "context": null,
              "code": "Server.Server1();\nBOAction.cookiesAccept();\ncy.getAndWait('[class^=\"a-heading a-heading--1 u-margin--top-none\"]').contains('Log in to MyAviva').and('be.visible');\ncy.getAndWait('#btnRegisterOpen').click();\ncy.getAndWait('[class^=\"a-heading a-heading--1 a-heading--semibold topMargin15\"]').contains('Register for MyAviva');\nPortalAction.registerPolicy();\nPortalAction.registerDOB();\ncy.getAndWait('#ContinueRegister').click();\ncy.getAndWait('#ContinueRegister').click();\ncy.getAndWait('.m-form-row__validation-message').contains('If you have an account with us, registration instructions will be sent shortly.');",
              "err": {},
              "uuid": "4bf8984f-c52b-4f34-9c6a-c40615881189",
              "parentUUID": "5672d20c-5d9b-4cca-9638-082c23213969",
              "isHook": false,
              "skipped": false
            }
          ],
          "suites": [],
          "passes": [
            "21a88822-a5aa-442a-b42d-84636df203a5",
            "2bacb0c3-822a-4dbb-a752-3fc8fc4057f3",
            "4bf8984f-c52b-4f34-9c6a-c40615881189"
          ],
          "failures": [],
          "pending": [],
          "skipped": [],
          "duration": 11941,
          "root": false,
          "rootEmpty": false,
          "_timeout": 2000
        }
      ],
      "passes": [],
      "failures": [],
      "pending": [],
      "skipped": [],
      "duration": 0,
      "root": true,
      "rootEmpty": true,
      "_timeout": 2000
    }
  ],
  "meta": {
    "mocha": {
      "version": "7.2.0"
    },
    "mochawesome": {
      "options": {
        "quiet": false,
        "reportFilename": "Aviva Automation results",
        "saveHtml": false,
        "saveJson": true,
        "consoleReporter": "spec",
        "useInlineDiffs": false,
        "code": true
      },
      "version": "7.1.3"
    },
    "marge": {
      "options": {
        "charts": true,
        "useInlineDiffs": true,
        "embeddedScreenshots": true,
        "videoOnFailOnly": true,
        "reportFilename": "Aviva Automation results",
        "overwrite": false,
        "html": false,
        "json": true,
        "reportDir": "cypress\\reports\\html\\.jsons"
      },
      "version": "6.2.0"
    }
  }
}