{
  "stats": {
    "suites": 1,
    "tests": 2,
    "passes": 2,
    "pending": 0,
    "failures": 0,
    "start": "2025-08-14T12:23:29.349Z",
    "end": "2025-08-14T12:25:07.110Z",
    "duration": 97761,
    "testsRegistered": 2,
    "passPercent": 100,
    "pendingPercent": 0,
    "other": 0,
    "hasOther": false,
    "skipped": 0,
    "hasSkipped": false
  },
  "results": [
    {
      "uuid": "fe554bd7-a7c5-4668-8603-04d37b5d73f6",
      "title": "",
      "fullFile": "cypress\\integration\\aviva\\Tests\\018AmendNCD.cy.js",
      "file": "cypress\\integration\\aviva\\Tests\\018AmendNCD.cy.js",
      "beforeHooks": [],
      "afterHooks": [],
      "tests": [],
      "suites": [
        {
          "uuid": "498def9c-790e-4502-80f4-942b0c1abdeb",
          "title": "Agent can Amend an NCD",
          "fullFile": "",
          "file": "",
          "beforeHooks": [],
          "afterHooks": [],
          "tests": [
            {
              "title": "should complete the process of amending an NCD",
              "fullTitle": "Agent can Amend an NCD should complete the process of amending an NCD",
              "timedOut": null,
              "duration": 84523,
              "state": "passed",
              "speed": "slow",
              "pass": true,
              "fail": false,
              "pending": false,
              "context": null,
              "code": "Server.Server();\n// Log in\nLogins.company();\nLogins.username();\nLogins.password();\nLogins.loginButton();\n// Revert new window that opens back to original window \nBOAction.agentQuote();\nBOAction.createNewQuoteBTN();\n// Accept cookies\nBOAction.cookiesAccept();\n// Complete section 1 \"About you\"\nAboutYouPage.aboutYouTitle();\nBOAction.notes();\nAboutYouPage.proposerTitle();\nAboutYouPage.proposerForename();\nAboutYouPage.proposerSurname();\nAboutYouPage.proposerEmail();\nAboutYouPage.phone();\nAboutYouPage.aboutYouContinue();\n// Complete section 2 \"Personal details\"\nPersonalDetailsPage.personalDetailsTitle();\nPersonalDetailsPage.addressInput();\nPersonalDetailsPage.addressSuggest();\nPersonalDetailsPage.addressSelect();\nPersonalDetailsPage.addressConfirm();\nPersonalDetailsPage.proposerDOB();\nPersonalDetailsPage.proposerEmployStatus();\nPersonalDetailsPage.licenceType();\nPersonalDetailsPage.licenceYears();\nPersonalDetailsPage.personlaDetailsContinue();\n// Complete section 3 \"Insurance details\"\nInsuranceDetailsPage.insuranceDetailsTitle();\nBOAction.notes();\nInsuranceDetailsPage.drivingExp();\nInsuranceDetailsPage.drivingExpYears();\nInsuranceDetailsPage.carUse();\nInsuranceDetailsPage.insuranceDetailsContinue();\n// Complete section 4 \"Car details\"\nCarDetailsPage.carDetailsTitle();\nBOAction.notes();\nCarDetailsPage.carRegYes();\nCarDetailsPage.carRegInput();\nCarDetailsPage.findCarBTN();\nCarDetailsPage.confirmCarBTN();\nCarDetailsPage.carValueInput();\nCarDetailsPage.carModifiedFalse();\nCarDetailsPage.carDetailsContinue();\n// Complete section 5 \"Additional drivers\"\nAdditionalDriversPage.additionalDriversHeading();\nBOAction.notes();\nAdditionalDriversPage.additionalDriversFalse();\nAdditionalDriversPage.additionalDriversContinue();\n// Complete section 6 \"Your claims\"\nYourClaimsPage.claimsHeading();\nBOAction.notes();\nYourClaimsPage.claimsFalse1st();\nYourClaimsPage.claimsContinue();\n// Complete section 7 \"Penalty points\"\nPenaltyPointsPage.ppHeading();\nBOAction.notes();\nPenaltyPointsPage.ppFalse1st();\nPenaltyPointsPage.ppContinue();\n// Complete section 8 \"Cover start date\"\nCoverStartDatePage.coverStartHeading();\nBOAction.notes();\nCoverStartDatePage.coverStartDate();\nCoverStartDatePage.coverStartHaveHomeIns();\nCoverStartDatePage.coverStartHaveCarIns();\nCoverStartDatePage.coverStartMarketing();\nCoverStartDatePage.coverStartContinue();\n// Quote screen - Buy now \nQuotePageAndExtras.quotePageHeading();\nBOAction.notes();\nQuotePageAndExtras.buyNowBtn();\n//Telematics Consent Page\nTelematicsConsentPage.telematicsConsentHeading();\n//TelematicsConsentPage.telematicsConsentEmail()\nTelematicsConsentPage.telematicsConsentEmailConfirm();\nTelematicsConsentPage.telematicsConsentCheckBox();\nTelematicsConsentPage.telematicsConsentContinue();\n// Complete post quote 1 \"About you car\"\nAboutYourCarPage.postQuote1Heading();\nBOAction.notes();\nAboutYourCarPage.postQuote1OwnCar();\nAboutYourCarPage.postQuote1PrivateIns();\nAboutYourCarPage.postQuote1Continue();\n// Complete post quote 2 \"About the drivers\"\nAboutTheDriversPage.postQuote2Heading();\nBOAction.notes();\nAboutTheDriversPage.postQuote2IsResidentTrue();\nAboutTheDriversPage.postQuote2IsMainDriverTrue();\nAboutTheDriversPage.postQuote2IsNotOtherCarTrue();\nAboutTheDriversPage.postQuote2IsNotOtherInsTrue();\nAboutTheDriversPage.postQuote2IsNoConvictionTrue();\nAboutTheDriversPage.postQuote2IsNoDisqualificationTrue();\nAboutTheDriversPage.postQuote2IsNoRefusalTrue();\nAboutTheDriversPage.postQuote2IsNoIncreaseTrue();\nAboutTheDriversPage.postQuote2IsNoMedicalTrue();\nAboutTheDriversPage.postQuote2DriverNumber();\nAboutTheDriversPage.postQuote2Continue();\n// Complete post quote 3 \"Your insurance history and inception details\"\nYourInsHistoryAndIncepDetsPage.postQuote3Heading();\nBOAction.notes();\nYourInsHistoryAndIncepDetsPage.postQuote3NCDROITrue();\nYourInsHistoryAndIncepDetsPage.postQuote3NoOtherNCDTrue();\nYourInsHistoryAndIncepDetsPage.postQuote3WithinExpiryTrue();\nYourInsHistoryAndIncepDetsPage.postQuote3IsMyAvivaTrue();\nYourInsHistoryAndIncepDetsPage.postQuote3Continue();\n// Payment type screen - selecting \"No payment required\"\nBOAction.notes();\nPaymentTypesPage.paymentTypeAgentNoPay();\nPaymentTypesPage.paymentTypeAgentNoPayContinue();\n// Diary & correspondence page \nDiaryAndCorrespondencePage.diaryCorrespondenceHeading();\nBOAction.notes();\nDiaryAndCorrespondencePage.diaryCorrespondenceContinue();\n// Thank you page\nThankYouPage.thankyouHeading();\nBOAction.notes();\nThankYouPage.retreiveTelematicsPolicyNumber();\nServer.Server();\n// Log in\nBOAction.home();\n// Search for Customer file\nLogins.email();\nBOAction.searchButton();\nBOAction.policySelectButton();\n// Select policy and Documents \nBOAction.livePoliciesBTN();\nBOAction.selectActionAmendNCDWithPolicyNumber();\n// Amend NCD to 40% & Select Cover start date \n//BOAction.cookiesAccept()\ncy.wait(2000);\ncy.getAndWait('#ctl00_MainContent_ddlNCDPercent').select(5, {\n  force: true\n});\ncy.getAndWait('#ctl00_MainContent_Continue3').click();\ncy.wait(6000);\ncy.getAndWait('#ctl00_MainContent_StartDate').type(day().add(2, 'day').format('DD/MM/YYYY'));\ncy.getAndWait('#ctl00_MainContent_NCDStartTime').type('13:00');\ncy.getAndWait('#ctl00_MainContent_Continue8').click();\n// Quote Page \ncy.getAndWait('.marginTop30Important').should('have.text', 'Total adjustment premium');\ncy.getAndWait(':nth-child(4) > .l-columns > :nth-child(2) > .bold').contains('No protection');\ncy.wait(1000);\ncy.getAndWait('#ctl00_MainContent_ddlAmendNCD').select(2);\ncy.wait(1000);\ncy.getAndWait('#ctl00_MainContent_NCDRecalculate').click();\ncy.wait(10000);\ncy.contains('View premium breakdown').click();\ncy.get('[data-origin=\"#SinglePaymentBreakdown\"]').contains('Step-back NCD');\ncy.getAndWait('.o-modal__cancel').click();\nMTABOAction.permMTAContinue();\nYourInsHistoryAndIncepDetsPage.postQuote3Continue();\n//PaymentTypesPage.paymentTypeAgentNoPay()\n//PaymentTypesPage.paymentTypeAgentCheque()\n// Thank you page\ncy.getAndWait('.m-heading-group__item').should('have.text', 'Thank you');",
              "err": {},
              "uuid": "dbd45a70-3737-41f2-973c-a28ebd7a1c17",
              "parentUUID": "498def9c-790e-4502-80f4-942b0c1abdeb",
              "isHook": false,
              "skipped": false
            },
            {
              "title": "should fail to amend an NCD",
              "fullTitle": "Agent can Amend an NCD should fail to amend an NCD",
              "timedOut": null,
              "duration": 11656,
              "state": "passed",
              "speed": "slow",
              "pass": true,
              "fail": false,
              "pending": false,
              "context": null,
              "code": "Server.Server();\n// Log in\nLogins.company();\nLogins.username();\nLogins.password();\nLogins.loginButton();\n// Search for Customer file\nLogins.email();\nBOAction.searchButton();\nBOAction.policySelectButton();\n// Select policy and Documents \nBOAction.livePoliciesBTN();\nBOAction.selectActionAmendNCDWithPolicyNumber();\n// Amend NCD to 40% & Select Cover start date \nBOAction.cookiesAccept();\ncy.getAndWait('#ctl00_MainContent_ddlNCDPercent').select(5);\ncy.getAndWait('#ctl00_MainContent_Continue3').click();\ncy.wait(2000);\ncy.getAndWait('#ctl00_MainContent_StartDate').type(day().add(1, 'day').format('DD/MM/YYYY'));\ncy.getAndWait('#ctl00_MainContent_NCDStartTime').type('13:00');\nCoverStartDatePage.coverStartContinue();\ncy.getAndWait('#ctl00_MainContent_CV__StartDate').should('contain', 'NCD can not start before the effective date of the latest adjustment');",
              "err": {},
              "uuid": "a723a43d-a777-420b-9b9a-3a2e50992959",
              "parentUUID": "498def9c-790e-4502-80f4-942b0c1abdeb",
              "isHook": false,
              "skipped": false
            }
          ],
          "suites": [],
          "passes": [
            "dbd45a70-3737-41f2-973c-a28ebd7a1c17",
            "a723a43d-a777-420b-9b9a-3a2e50992959"
          ],
          "failures": [],
          "pending": [],
          "skipped": [],
          "duration": 96179,
          "root": false,
          "rootEmpty": false,
          "_timeout": 2000
        }
      ],
      "passes": [],
      "failures": [],
      "pending": [],
      "skipped": [],
      "duration": 0,
      "root": true,
      "rootEmpty": true,
      "_timeout": 2000
    }
  ],
  "meta": {
    "mocha": {
      "version": "7.2.0"
    },
    "mochawesome": {
      "options": {
        "quiet": false,
        "reportFilename": "Aviva Automation results",
        "saveHtml": false,
        "saveJson": true,
        "consoleReporter": "spec",
        "useInlineDiffs": false,
        "code": true
      },
      "version": "7.1.3"
    },
    "marge": {
      "options": {
        "charts": true,
        "useInlineDiffs": true,
        "embeddedScreenshots": true,
        "videoOnFailOnly": true,
        "reportFilename": "Aviva Automation results",
        "overwrite": false,
        "html": false,
        "json": true,
        "reportDir": "cypress\\reports\\html\\.jsons"
      },
      "version": "6.2.0"
    }
  }
}