{
  "stats": {
    "suites": 1,
    "tests": 1,
    "passes": 1,
    "pending": 0,
    "failures": 0,
    "start": "2025-04-17T12:43:17.226Z",
    "end": "2025-04-17T12:45:19.871Z",
    "duration": 122645,
    "testsRegistered": 1,
    "passPercent": 100,
    "pendingPercent": 0,
    "other": 0,
    "hasOther": false,
    "skipped": 0,
    "hasSkipped": false
  },
  "results": [
    {
      "uuid": "784d5fbf-914e-4a5f-a536-aeb5aad07eb3",
      "title": "",
      "fullFile": "cypress\\integration\\aviva\\Tests\\PolicyOwnership.cy.js",
      "file": "cypress\\integration\\aviva\\Tests\\PolicyOwnership.cy.js",
      "beforeHooks": [],
      "afterHooks": [],
      "tests": [],
      "suites": [
        {
          "uuid": "b95a3dd4-e4b5-4846-be57-eb511f35fd93",
          "title": "Change policy ownership",
          "fullFile": "",
          "file": "",
          "beforeHooks": [],
          "afterHooks": [],
          "tests": [
            {
              "title": "should complete the process of changing policy ownership",
              "fullTitle": "Change policy ownership should complete the process of changing policy ownership",
              "timedOut": null,
              "duration": 120594,
              "state": "passed",
              "speed": "slow",
              "pass": true,
              "fail": false,
              "pending": false,
              "context": null,
              "code": "Server.Server();\n// Log in\nLogins.company();\nLogins.username();\nLogins.password();\nLogins.loginButton();\n// Search for Customer file\nLogins.email();\nBOAction.searchButton();\nBOAction.policySelectButton();\nfunction ChangePolicyOwnerShip() {\n  // Select last policy and Policy Ownership \n  BOAction.livePoliciesBTN();\n  cy.get('[class^=\"dropdown selectAction\"]').last().click({\n    force: true\n  }).contains('Policy Ownership').invoke(\"removeAttr\", \"target\").click({\n    force: true\n  });\n  // Change ownership\n  cy.get('#ctl00_ContentPlaceHolder1_NewEmailAddress').type('automatedtestingApr2025@DOTSYS.co.uk');\n  cy.get('#ctl00_ContentPlaceHolder1_ChangeOwnership').click();\n  cy.get('#ctl00_ContentPlaceHolder1_SuccessMessage').contains('The policy has now been re-registered');\n  cy.go('back');\n  cy.go('back');\n}\nfunction RecursiveLoop(n) {\n  cy.get('[class^=\"dropdown selectAction\"]').each(($value, index) => {\n    if (index < n) {\n      ChangePolicyOwnerShip();\n      // Additional asynchronous actions can be added here if needed\n      cy.log(`Iteration ${index + 1} completed`);\n      // Continue with the next iteration\n    }\n  });\n}\ncy.get('[class^=\"dropdown selectAction\"]').its('length').then(length => {\n  RecursiveLoop(length);\n});",
              "err": {},
              "uuid": "eaef62ba-4515-4a80-802f-61aa22ab0db6",
              "parentUUID": "b95a3dd4-e4b5-4846-be57-eb511f35fd93",
              "isHook": false,
              "skipped": false
            }
          ],
          "suites": [],
          "passes": [
            "eaef62ba-4515-4a80-802f-61aa22ab0db6"
          ],
          "failures": [],
          "pending": [],
          "skipped": [],
          "duration": 120594,
          "root": false,
          "rootEmpty": false,
          "_timeout": 2000
        }
      ],
      "passes": [],
      "failures": [],
      "pending": [],
      "skipped": [],
      "duration": 0,
      "root": true,
      "rootEmpty": true,
      "_timeout": 2000
    }
  ],
  "meta": {
    "mocha": {
      "version": "7.0.1"
    },
    "mochawesome": {
      "options": {
        "quiet": false,
        "reportFilename": "Aviva Automation results",
        "saveHtml": false,
        "saveJson": true,
        "consoleReporter": "spec",
        "useInlineDiffs": false,
        "code": true
      },
      "version": "7.1.3"
    },
    "marge": {
      "options": {
        "charts": true,
        "useInlineDiffs": true,
        "embeddedScreenshots": true,
        "videoOnFailOnly": true,
        "reportFilename": "Aviva Automation results",
        "overwrite": false,
        "html": false,
        "json": true,
        "reportDir": "cypress\\reports\\html\\.jsons"
      },
      "version": "6.2.0"
    }
  }
}